2022-10-22 18:26:27 Error: [Cake\Routing\Exception\MissingControllerException] Controller class CursoPhp could not be found. (C:\xampp\htdocs\Curso php\Cakephp\vendor\cakephp\cakephp\src\Http\ControllerFactory.php:105)
Exception Attributes: array (
  'class' => 'CursoPhp',
  'plugin' => false,
  'prefix' => false,
  '_ext' => false,
)
#0 C:\xampp\htdocs\Curso php\Cakephp\vendor\cakephp\cakephp\src\Http\ControllerFactory.php(39): Cake\Http\ControllerFactory->missingController(Object(Cake\Http\ServerRequest))
#1 C:\xampp\htdocs\Curso php\Cakephp\vendor\cakephp\cakephp\src\Http\ActionDispatcher.php(91): Cake\Http\ControllerFactory->create(Object(Cake\Http\ServerRequest), Object(Cake\Http\Response))
#2 C:\xampp\htdocs\Curso php\Cakephp\vendor\cakephp\cakephp\src\Http\BaseApplication.php(256): Cake\Http\ActionDispatcher->dispatch(Object(Cake\Http\ServerRequest), Object(Cake\Http\Response))
#3 C:\xampp\htdocs\Curso php\Cakephp\vendor\cakephp\cakephp\src\Http\Runner.php(65): Cake\Http\BaseApplication->__invoke(Object(Cake\Http\ServerRequest), Object(Cake\Http\Response), Object(Cake\Http\Runner))
#4 C:\xampp\htdocs\Curso php\Cakephp\vendor\cakephp\cakephp\src\Http\Runner.php(65): Cake\Http\Runner->__invoke(Object(Cake\Http\ServerRequest), Object(Cake\Http\Response), Object(Cake\Http\Runner))
#5 C:\xampp\htdocs\Curso php\Cakephp\vendor\cakephp\cakephp\src\Http\Middleware\CsrfProtectionMiddleware.php(133): Cake\Http\Runner->__invoke(Object(Cake\Http\ServerRequest), Object(Cake\Http\Response))
#6 C:\xampp\htdocs\Curso php\Cakephp\vendor\cakephp\cakephp\src\Http\Runner.php(65): Cake\Http\Middleware\CsrfProtectionMiddleware->__invoke(Object(Cake\Http\ServerRequest), Object(Cake\Http\Response), Object(Cake\Http\Runner))
#7 C:\xampp\htdocs\Curso php\Cakephp\vendor\cakephp\cakephp\src\Http\Runner.php(51): Cake\Http\Runner->__invoke(Object(Cake\Http\ServerRequest), Object(Cake\Http\Response))
#8 C:\xampp\htdocs\Curso php\Cakephp\vendor\cakephp\cakephp\src\Routing\Middleware\RoutingMiddleware.php(170): Cake\Http\Runner->run(Object(Cake\Http\MiddlewareQueue), Object(Cake\Http\ServerRequest), Object(Cake\Http\Response))
#9 C:\xampp\htdocs\Curso php\Cakephp\vendor\cakephp\cakephp\src\Http\Runner.php(65): Cake\Routing\Middleware\RoutingMiddleware->__invoke(Object(Cake\Http\ServerRequest), Object(Cake\Http\Response), Object(Cake\Http\Runner))
#10 C:\xampp\htdocs\Curso php\Cakephp\vendor\cakephp\cakephp\src\Routing\Middleware\AssetMiddleware.php(88): Cake\Http\Runner->__invoke(Object(Cake\Http\ServerRequest), Object(Cake\Http\Response))
#11 C:\xampp\htdocs\Curso php\Cakephp\vendor\cakephp\cakephp\src\Http\Runner.php(65): Cake\Routing\Middleware\AssetMiddleware->__invoke(Object(Cake\Http\ServerRequest), Object(Cake\Http\Response), Object(Cake\Http\Runner))
#12 C:\xampp\htdocs\Curso php\Cakephp\vendor\cakephp\cakephp\src\Error\Middleware\ErrorHandlerMiddleware.php(100): Cake\Http\Runner->__invoke(Object(Cake\Http\ServerRequest), Object(Cake\Http\Response))
#13 C:\xampp\htdocs\Curso php\Cakephp\vendor\cakephp\cakephp\src\Http\Runner.php(65): Cake\Error\Middleware\ErrorHandlerMiddleware->__invoke(Object(Cake\Http\ServerRequest), Object(Cake\Http\Response), Object(Cake\Http\Runner))
#14 C:\xampp\htdocs\Curso php\Cakephp\vendor\cakephp\debug_kit\src\Middleware\DebugKitMiddleware.php(53): Cake\Http\Runner->__invoke(Object(Cake\Http\ServerRequest), Object(Cake\Http\Response))
#15 C:\xampp\htdocs\Curso php\Cakephp\vendor\cakephp\cakephp\src\Http\Runner.php(65): DebugKit\Middleware\DebugKitMiddleware->__invoke(Object(Cake\Http\ServerRequest), Object(Cake\Http\Response), Object(Cake\Http\Runner))
#16 C:\xampp\htdocs\Curso php\Cakephp\vendor\cakephp\cakephp\src\Http\Runner.php(51): Cake\Http\Runner->__invoke(Object(Cake\Http\ServerRequest), Object(Cake\Http\Response))
#17 C:\xampp\htdocs\Curso php\Cakephp\vendor\cakephp\cakephp\src\Http\Server.php(97): Cake\Http\Runner->run(Object(Cake\Http\MiddlewareQueue), Object(Cake\Http\ServerRequest), Object(Cake\Http\Response))
#18 C:\xampp\htdocs\Curso php\Cakephp\webroot\index.php(40): Cake\Http\Server->run()
#19 {main}
Request URL: /curso%20php/cakephp/


2022-10-22 18:27:05 Error: [Cake\Routing\Exception\MissingControllerException] Controller class CursoPhp could not be found. (C:\xampp\htdocs\Curso php\Cakephp\vendor\cakephp\cakephp\src\Http\ControllerFactory.php:105)
Exception Attributes: array (
  'class' => 'CursoPhp',
  'plugin' => false,
  'prefix' => false,
  '_ext' => false,
)
#0 C:\xampp\htdocs\Curso php\Cakephp\vendor\cakephp\cakephp\src\Http\ControllerFactory.php(39): Cake\Http\ControllerFactory->missingController(Object(Cake\Http\ServerRequest))
#1 C:\xampp\htdocs\Curso php\Cakephp\vendor\cakephp\cakephp\src\Http\ActionDispatcher.php(91): Cake\Http\ControllerFactory->create(Object(Cake\Http\ServerRequest), Object(Cake\Http\Response))
#2 C:\xampp\htdocs\Curso php\Cakephp\vendor\cakephp\cakephp\src\Http\BaseApplication.php(256): Cake\Http\ActionDispatcher->dispatch(Object(Cake\Http\ServerRequest), Object(Cake\Http\Response))
#3 C:\xampp\htdocs\Curso php\Cakephp\vendor\cakephp\cakephp\src\Http\Runner.php(65): Cake\Http\BaseApplication->__invoke(Object(Cake\Http\ServerRequest), Object(Cake\Http\Response), Object(Cake\Http\Runner))
#4 C:\xampp\htdocs\Curso php\Cakephp\vendor\cakephp\cakephp\src\Http\Runner.php(65): Cake\Http\Runner->__invoke(Object(Cake\Http\ServerRequest), Object(Cake\Http\Response), Object(Cake\Http\Runner))
#5 C:\xampp\htdocs\Curso php\Cakephp\vendor\cakephp\cakephp\src\Http\Middleware\CsrfProtectionMiddleware.php(133): Cake\Http\Runner->__invoke(Object(Cake\Http\ServerRequest), Object(Cake\Http\Response))
#6 C:\xampp\htdocs\Curso php\Cakephp\vendor\cakephp\cakephp\src\Http\Runner.php(65): Cake\Http\Middleware\CsrfProtectionMiddleware->__invoke(Object(Cake\Http\ServerRequest), Object(Cake\Http\Response), Object(Cake\Http\Runner))
#7 C:\xampp\htdocs\Curso php\Cakephp\vendor\cakephp\cakephp\src\Http\Runner.php(51): Cake\Http\Runner->__invoke(Object(Cake\Http\ServerRequest), Object(Cake\Http\Response))
#8 C:\xampp\htdocs\Curso php\Cakephp\vendor\cakephp\cakephp\src\Routing\Middleware\RoutingMiddleware.php(170): Cake\Http\Runner->run(Object(Cake\Http\MiddlewareQueue), Object(Cake\Http\ServerRequest), Object(Cake\Http\Response))
#9 C:\xampp\htdocs\Curso php\Cakephp\vendor\cakephp\cakephp\src\Http\Runner.php(65): Cake\Routing\Middleware\RoutingMiddleware->__invoke(Object(Cake\Http\ServerRequest), Object(Cake\Http\Response), Object(Cake\Http\Runner))
#10 C:\xampp\htdocs\Curso php\Cakephp\vendor\cakephp\cakephp\src\Routing\Middleware\AssetMiddleware.php(88): Cake\Http\Runner->__invoke(Object(Cake\Http\ServerRequest), Object(Cake\Http\Response))
#11 C:\xampp\htdocs\Curso php\Cakephp\vendor\cakephp\cakephp\src\Http\Runner.php(65): Cake\Routing\Middleware\AssetMiddleware->__invoke(Object(Cake\Http\ServerRequest), Object(Cake\Http\Response), Object(Cake\Http\Runner))
#12 C:\xampp\htdocs\Curso php\Cakephp\vendor\cakephp\cakephp\src\Error\Middleware\ErrorHandlerMiddleware.php(100): Cake\Http\Runner->__invoke(Object(Cake\Http\ServerRequest), Object(Cake\Http\Response))
#13 C:\xampp\htdocs\Curso php\Cakephp\vendor\cakephp\cakephp\src\Http\Runner.php(65): Cake\Error\Middleware\ErrorHandlerMiddleware->__invoke(Object(Cake\Http\ServerRequest), Object(Cake\Http\Response), Object(Cake\Http\Runner))
#14 C:\xampp\htdocs\Curso php\Cakephp\vendor\cakephp\debug_kit\src\Middleware\DebugKitMiddleware.php(53): Cake\Http\Runner->__invoke(Object(Cake\Http\ServerRequest), Object(Cake\Http\Response))
#15 C:\xampp\htdocs\Curso php\Cakephp\vendor\cakephp\cakephp\src\Http\Runner.php(65): DebugKit\Middleware\DebugKitMiddleware->__invoke(Object(Cake\Http\ServerRequest), Object(Cake\Http\Response), Object(Cake\Http\Runner))
#16 C:\xampp\htdocs\Curso php\Cakephp\vendor\cakephp\cakephp\src\Http\Runner.php(51): Cake\Http\Runner->__invoke(Object(Cake\Http\ServerRequest), Object(Cake\Http\Response))
#17 C:\xampp\htdocs\Curso php\Cakephp\vendor\cakephp\cakephp\src\Http\Server.php(97): Cake\Http\Runner->run(Object(Cake\Http\MiddlewareQueue), Object(Cake\Http\ServerRequest), Object(Cake\Http\Response))
#18 C:\xampp\htdocs\Curso php\Cakephp\webroot\index.php(40): Cake\Http\Server->run()
#19 {main}
Request URL: /curso%20php/Cakephp/
Referer URL: http://localhost/curso%20php/


2022-10-22 18:27:09 Error: [Cake\Routing\Exception\MissingControllerException] Controller class CursoPhp could not be found. (C:\xampp\htdocs\Curso php\Cakephp\vendor\cakephp\cakephp\src\Http\ControllerFactory.php:105)
Exception Attributes: array (
  'class' => 'CursoPhp',
  'plugin' => false,
  'prefix' => false,
  '_ext' => false,
)
#0 C:\xampp\htdocs\Curso php\Cakephp\vendor\cakephp\cakephp\src\Http\ControllerFactory.php(39): Cake\Http\ControllerFactory->missingController(Object(Cake\Http\ServerRequest))
#1 C:\xampp\htdocs\Curso php\Cakephp\vendor\cakephp\cakephp\src\Http\ActionDispatcher.php(91): Cake\Http\ControllerFactory->create(Object(Cake\Http\ServerRequest), Object(Cake\Http\Response))
#2 C:\xampp\htdocs\Curso php\Cakephp\vendor\cakephp\cakephp\src\Http\BaseApplication.php(256): Cake\Http\ActionDispatcher->dispatch(Object(Cake\Http\ServerRequest), Object(Cake\Http\Response))
#3 C:\xampp\htdocs\Curso php\Cakephp\vendor\cakephp\cakephp\src\Http\Runner.php(65): Cake\Http\BaseApplication->__invoke(Object(Cake\Http\ServerRequest), Object(Cake\Http\Response), Object(Cake\Http\Runner))
#4 C:\xampp\htdocs\Curso php\Cakephp\vendor\cakephp\cakephp\src\Http\Runner.php(65): Cake\Http\Runner->__invoke(Object(Cake\Http\ServerRequest), Object(Cake\Http\Response), Object(Cake\Http\Runner))
#5 C:\xampp\htdocs\Curso php\Cakephp\vendor\cakephp\cakephp\src\Http\Middleware\CsrfProtectionMiddleware.php(133): Cake\Http\Runner->__invoke(Object(Cake\Http\ServerRequest), Object(Cake\Http\Response))
#6 C:\xampp\htdocs\Curso php\Cakephp\vendor\cakephp\cakephp\src\Http\Runner.php(65): Cake\Http\Middleware\CsrfProtectionMiddleware->__invoke(Object(Cake\Http\ServerRequest), Object(Cake\Http\Response), Object(Cake\Http\Runner))
#7 C:\xampp\htdocs\Curso php\Cakephp\vendor\cakephp\cakephp\src\Http\Runner.php(51): Cake\Http\Runner->__invoke(Object(Cake\Http\ServerRequest), Object(Cake\Http\Response))
#8 C:\xampp\htdocs\Curso php\Cakephp\vendor\cakephp\cakephp\src\Routing\Middleware\RoutingMiddleware.php(170): Cake\Http\Runner->run(Object(Cake\Http\MiddlewareQueue), Object(Cake\Http\ServerRequest), Object(Cake\Http\Response))
#9 C:\xampp\htdocs\Curso php\Cakephp\vendor\cakephp\cakephp\src\Http\Runner.php(65): Cake\Routing\Middleware\RoutingMiddleware->__invoke(Object(Cake\Http\ServerRequest), Object(Cake\Http\Response), Object(Cake\Http\Runner))
#10 C:\xampp\htdocs\Curso php\Cakephp\vendor\cakephp\cakephp\src\Routing\Middleware\AssetMiddleware.php(88): Cake\Http\Runner->__invoke(Object(Cake\Http\ServerRequest), Object(Cake\Http\Response))
#11 C:\xampp\htdocs\Curso php\Cakephp\vendor\cakephp\cakephp\src\Http\Runner.php(65): Cake\Routing\Middleware\AssetMiddleware->__invoke(Object(Cake\Http\ServerRequest), Object(Cake\Http\Response), Object(Cake\Http\Runner))
#12 C:\xampp\htdocs\Curso php\Cakephp\vendor\cakephp\cakephp\src\Error\Middleware\ErrorHandlerMiddleware.php(100): Cake\Http\Runner->__invoke(Object(Cake\Http\ServerRequest), Object(Cake\Http\Response))
#13 C:\xampp\htdocs\Curso php\Cakephp\vendor\cakephp\cakephp\src\Http\Runner.php(65): Cake\Error\Middleware\ErrorHandlerMiddleware->__invoke(Object(Cake\Http\ServerRequest), Object(Cake\Http\Response), Object(Cake\Http\Runner))
#14 C:\xampp\htdocs\Curso php\Cakephp\vendor\cakephp\debug_kit\src\Middleware\DebugKitMiddleware.php(53): Cake\Http\Runner->__invoke(Object(Cake\Http\ServerRequest), Object(Cake\Http\Response))
#15 C:\xampp\htdocs\Curso php\Cakephp\vendor\cakephp\cakephp\src\Http\Runner.php(65): DebugKit\Middleware\DebugKitMiddleware->__invoke(Object(Cake\Http\ServerRequest), Object(Cake\Http\Response), Object(Cake\Http\Runner))
#16 C:\xampp\htdocs\Curso php\Cakephp\vendor\cakephp\cakephp\src\Http\Runner.php(51): Cake\Http\Runner->__invoke(Object(Cake\Http\ServerRequest), Object(Cake\Http\Response))
#17 C:\xampp\htdocs\Curso php\Cakephp\vendor\cakephp\cakephp\src\Http\Server.php(97): Cake\Http\Runner->run(Object(Cake\Http\MiddlewareQueue), Object(Cake\Http\ServerRequest), Object(Cake\Http\Response))
#18 C:\xampp\htdocs\Curso php\Cakephp\webroot\index.php(40): Cake\Http\Server->run()
#19 {main}
Request URL: /curso%20php/Cakephp/
Referer URL: http://localhost/curso%20php/


2022-10-22 18:27:40 Error: [Cake\Routing\Exception\MissingControllerException] Controller class CursoPhp could not be found. (C:\xampp\htdocs\Curso php\Cakephp\vendor\cakephp\cakephp\src\Http\ControllerFactory.php:105)
Exception Attributes: array (
  'class' => 'CursoPhp',
  'plugin' => false,
  'prefix' => false,
  '_ext' => false,
)
#0 C:\xampp\htdocs\Curso php\Cakephp\vendor\cakephp\cakephp\src\Http\ControllerFactory.php(39): Cake\Http\ControllerFactory->missingController(Object(Cake\Http\ServerRequest))
#1 C:\xampp\htdocs\Curso php\Cakephp\vendor\cakephp\cakephp\src\Http\ActionDispatcher.php(91): Cake\Http\ControllerFactory->create(Object(Cake\Http\ServerRequest), Object(Cake\Http\Response))
#2 C:\xampp\htdocs\Curso php\Cakephp\vendor\cakephp\cakephp\src\Http\BaseApplication.php(256): Cake\Http\ActionDispatcher->dispatch(Object(Cake\Http\ServerRequest), Object(Cake\Http\Response))
#3 C:\xampp\htdocs\Curso php\Cakephp\vendor\cakephp\cakephp\src\Http\Runner.php(65): Cake\Http\BaseApplication->__invoke(Object(Cake\Http\ServerRequest), Object(Cake\Http\Response), Object(Cake\Http\Runner))
#4 C:\xampp\htdocs\Curso php\Cakephp\vendor\cakephp\cakephp\src\Http\Runner.php(65): Cake\Http\Runner->__invoke(Object(Cake\Http\ServerRequest), Object(Cake\Http\Response), Object(Cake\Http\Runner))
#5 C:\xampp\htdocs\Curso php\Cakephp\vendor\cakephp\cakephp\src\Http\Middleware\CsrfProtectionMiddleware.php(133): Cake\Http\Runner->__invoke(Object(Cake\Http\ServerRequest), Object(Cake\Http\Response))
#6 C:\xampp\htdocs\Curso php\Cakephp\vendor\cakephp\cakephp\src\Http\Runner.php(65): Cake\Http\Middleware\CsrfProtectionMiddleware->__invoke(Object(Cake\Http\ServerRequest), Object(Cake\Http\Response), Object(Cake\Http\Runner))
#7 C:\xampp\htdocs\Curso php\Cakephp\vendor\cakephp\cakephp\src\Http\Runner.php(51): Cake\Http\Runner->__invoke(Object(Cake\Http\ServerRequest), Object(Cake\Http\Response))
#8 C:\xampp\htdocs\Curso php\Cakephp\vendor\cakephp\cakephp\src\Routing\Middleware\RoutingMiddleware.php(170): Cake\Http\Runner->run(Object(Cake\Http\MiddlewareQueue), Object(Cake\Http\ServerRequest), Object(Cake\Http\Response))
#9 C:\xampp\htdocs\Curso php\Cakephp\vendor\cakephp\cakephp\src\Http\Runner.php(65): Cake\Routing\Middleware\RoutingMiddleware->__invoke(Object(Cake\Http\ServerRequest), Object(Cake\Http\Response), Object(Cake\Http\Runner))
#10 C:\xampp\htdocs\Curso php\Cakephp\vendor\cakephp\cakephp\src\Routing\Middleware\AssetMiddleware.php(88): Cake\Http\Runner->__invoke(Object(Cake\Http\ServerRequest), Object(Cake\Http\Response))
#11 C:\xampp\htdocs\Curso php\Cakephp\vendor\cakephp\cakephp\src\Http\Runner.php(65): Cake\Routing\Middleware\AssetMiddleware->__invoke(Object(Cake\Http\ServerRequest), Object(Cake\Http\Response), Object(Cake\Http\Runner))
#12 C:\xampp\htdocs\Curso php\Cakephp\vendor\cakephp\cakephp\src\Error\Middleware\ErrorHandlerMiddleware.php(100): Cake\Http\Runner->__invoke(Object(Cake\Http\ServerRequest), Object(Cake\Http\Response))
#13 C:\xampp\htdocs\Curso php\Cakephp\vendor\cakephp\cakephp\src\Http\Runner.php(65): Cake\Error\Middleware\ErrorHandlerMiddleware->__invoke(Object(Cake\Http\ServerRequest), Object(Cake\Http\Response), Object(Cake\Http\Runner))
#14 C:\xampp\htdocs\Curso php\Cakephp\vendor\cakephp\debug_kit\src\Middleware\DebugKitMiddleware.php(53): Cake\Http\Runner->__invoke(Object(Cake\Http\ServerRequest), Object(Cake\Http\Response))
#15 C:\xampp\htdocs\Curso php\Cakephp\vendor\cakephp\cakephp\src\Http\Runner.php(65): DebugKit\Middleware\DebugKitMiddleware->__invoke(Object(Cake\Http\ServerRequest), Object(Cake\Http\Response), Object(Cake\Http\Runner))
#16 C:\xampp\htdocs\Curso php\Cakephp\vendor\cakephp\cakephp\src\Http\Runner.php(51): Cake\Http\Runner->__invoke(Object(Cake\Http\ServerRequest), Object(Cake\Http\Response))
#17 C:\xampp\htdocs\Curso php\Cakephp\vendor\cakephp\cakephp\src\Http\Server.php(97): Cake\Http\Runner->run(Object(Cake\Http\MiddlewareQueue), Object(Cake\Http\ServerRequest), Object(Cake\Http\Response))
#18 C:\xampp\htdocs\Curso php\Cakephp\webroot\index.php(40): Cake\Http\Server->run()
#19 {main}
Request URL: /curso%20php/Cakephp/
Referer URL: http://localhost/curso%20php/


2022-10-22 18:28:13 Error: [Cake\Routing\Exception\MissingControllerException] Controller class CursoPhp could not be found. (C:\xampp\htdocs\Curso php\Cakephp\vendor\cakephp\cakephp\src\Http\ControllerFactory.php:105)
Exception Attributes: array (
  'class' => 'CursoPhp',
  'plugin' => false,
  'prefix' => false,
  '_ext' => false,
)
#0 C:\xampp\htdocs\Curso php\Cakephp\vendor\cakephp\cakephp\src\Http\ControllerFactory.php(39): Cake\Http\ControllerFactory->missingController(Object(Cake\Http\ServerRequest))
#1 C:\xampp\htdocs\Curso php\Cakephp\vendor\cakephp\cakephp\src\Http\ActionDispatcher.php(91): Cake\Http\ControllerFactory->create(Object(Cake\Http\ServerRequest), Object(Cake\Http\Response))
#2 C:\xampp\htdocs\Curso php\Cakephp\vendor\cakephp\cakephp\src\Http\BaseApplication.php(256): Cake\Http\ActionDispatcher->dispatch(Object(Cake\Http\ServerRequest), Object(Cake\Http\Response))
#3 C:\xampp\htdocs\Curso php\Cakephp\vendor\cakephp\cakephp\src\Http\Runner.php(65): Cake\Http\BaseApplication->__invoke(Object(Cake\Http\ServerRequest), Object(Cake\Http\Response), Object(Cake\Http\Runner))
#4 C:\xampp\htdocs\Curso php\Cakephp\vendor\cakephp\cakephp\src\Http\Runner.php(65): Cake\Http\Runner->__invoke(Object(Cake\Http\ServerRequest), Object(Cake\Http\Response), Object(Cake\Http\Runner))
#5 C:\xampp\htdocs\Curso php\Cakephp\vendor\cakephp\cakephp\src\Http\Middleware\CsrfProtectionMiddleware.php(133): Cake\Http\Runner->__invoke(Object(Cake\Http\ServerRequest), Object(Cake\Http\Response))
#6 C:\xampp\htdocs\Curso php\Cakephp\vendor\cakephp\cakephp\src\Http\Runner.php(65): Cake\Http\Middleware\CsrfProtectionMiddleware->__invoke(Object(Cake\Http\ServerRequest), Object(Cake\Http\Response), Object(Cake\Http\Runner))
#7 C:\xampp\htdocs\Curso php\Cakephp\vendor\cakephp\cakephp\src\Http\Runner.php(51): Cake\Http\Runner->__invoke(Object(Cake\Http\ServerRequest), Object(Cake\Http\Response))
#8 C:\xampp\htdocs\Curso php\Cakephp\vendor\cakephp\cakephp\src\Routing\Middleware\RoutingMiddleware.php(170): Cake\Http\Runner->run(Object(Cake\Http\MiddlewareQueue), Object(Cake\Http\ServerRequest), Object(Cake\Http\Response))
#9 C:\xampp\htdocs\Curso php\Cakephp\vendor\cakephp\cakephp\src\Http\Runner.php(65): Cake\Routing\Middleware\RoutingMiddleware->__invoke(Object(Cake\Http\ServerRequest), Object(Cake\Http\Response), Object(Cake\Http\Runner))
#10 C:\xampp\htdocs\Curso php\Cakephp\vendor\cakephp\cakephp\src\Routing\Middleware\AssetMiddleware.php(88): Cake\Http\Runner->__invoke(Object(Cake\Http\ServerRequest), Object(Cake\Http\Response))
#11 C:\xampp\htdocs\Curso php\Cakephp\vendor\cakephp\cakephp\src\Http\Runner.php(65): Cake\Routing\Middleware\AssetMiddleware->__invoke(Object(Cake\Http\ServerRequest), Object(Cake\Http\Response), Object(Cake\Http\Runner))
#12 C:\xampp\htdocs\Curso php\Cakephp\vendor\cakephp\cakephp\src\Error\Middleware\ErrorHandlerMiddleware.php(100): Cake\Http\Runner->__invoke(Object(Cake\Http\ServerRequest), Object(Cake\Http\Response))
#13 C:\xampp\htdocs\Curso php\Cakephp\vendor\cakephp\cakephp\src\Http\Runner.php(65): Cake\Error\Middleware\ErrorHandlerMiddleware->__invoke(Object(Cake\Http\ServerRequest), Object(Cake\Http\Response), Object(Cake\Http\Runner))
#14 C:\xampp\htdocs\Curso php\Cakephp\vendor\cakephp\debug_kit\src\Middleware\DebugKitMiddleware.php(53): Cake\Http\Runner->__invoke(Object(Cake\Http\ServerRequest), Object(Cake\Http\Response))
#15 C:\xampp\htdocs\Curso php\Cakephp\vendor\cakephp\cakephp\src\Http\Runner.php(65): DebugKit\Middleware\DebugKitMiddleware->__invoke(Object(Cake\Http\ServerRequest), Object(Cake\Http\Response), Object(Cake\Http\Runner))
#16 C:\xampp\htdocs\Curso php\Cakephp\vendor\cakephp\cakephp\src\Http\Runner.php(51): Cake\Http\Runner->__invoke(Object(Cake\Http\ServerRequest), Object(Cake\Http\Response))
#17 C:\xampp\htdocs\Curso php\Cakephp\vendor\cakephp\cakephp\src\Http\Server.php(97): Cake\Http\Runner->run(Object(Cake\Http\MiddlewareQueue), Object(Cake\Http\ServerRequest), Object(Cake\Http\Response))
#18 C:\xampp\htdocs\Curso php\Cakephp\webroot\index.php(40): Cake\Http\Server->run()
#19 {main}
Request URL: /curso%20php/Cakephp/
Referer URL: http://localhost/curso%20php/


2022-10-22 18:28:19 Error: [Cake\Routing\Exception\MissingControllerException] Controller class CursoPhp could not be found. (C:\xampp\htdocs\Curso php\Cakephp\vendor\cakephp\cakephp\src\Http\ControllerFactory.php:105)
Exception Attributes: array (
  'class' => 'CursoPhp',
  'plugin' => false,
  'prefix' => false,
  '_ext' => false,
)
#0 C:\xampp\htdocs\Curso php\Cakephp\vendor\cakephp\cakephp\src\Http\ControllerFactory.php(39): Cake\Http\ControllerFactory->missingController(Object(Cake\Http\ServerRequest))
#1 C:\xampp\htdocs\Curso php\Cakephp\vendor\cakephp\cakephp\src\Http\ActionDispatcher.php(91): Cake\Http\ControllerFactory->create(Object(Cake\Http\ServerRequest), Object(Cake\Http\Response))
#2 C:\xampp\htdocs\Curso php\Cakephp\vendor\cakephp\cakephp\src\Http\BaseApplication.php(256): Cake\Http\ActionDispatcher->dispatch(Object(Cake\Http\ServerRequest), Object(Cake\Http\Response))
#3 C:\xampp\htdocs\Curso php\Cakephp\vendor\cakephp\cakephp\src\Http\Runner.php(65): Cake\Http\BaseApplication->__invoke(Object(Cake\Http\ServerRequest), Object(Cake\Http\Response), Object(Cake\Http\Runner))
#4 C:\xampp\htdocs\Curso php\Cakephp\vendor\cakephp\cakephp\src\Http\Runner.php(65): Cake\Http\Runner->__invoke(Object(Cake\Http\ServerRequest), Object(Cake\Http\Response), Object(Cake\Http\Runner))
#5 C:\xampp\htdocs\Curso php\Cakephp\vendor\cakephp\cakephp\src\Http\Middleware\CsrfProtectionMiddleware.php(133): Cake\Http\Runner->__invoke(Object(Cake\Http\ServerRequest), Object(Cake\Http\Response))
#6 C:\xampp\htdocs\Curso php\Cakephp\vendor\cakephp\cakephp\src\Http\Runner.php(65): Cake\Http\Middleware\CsrfProtectionMiddleware->__invoke(Object(Cake\Http\ServerRequest), Object(Cake\Http\Response), Object(Cake\Http\Runner))
#7 C:\xampp\htdocs\Curso php\Cakephp\vendor\cakephp\cakephp\src\Http\Runner.php(51): Cake\Http\Runner->__invoke(Object(Cake\Http\ServerRequest), Object(Cake\Http\Response))
#8 C:\xampp\htdocs\Curso php\Cakephp\vendor\cakephp\cakephp\src\Routing\Middleware\RoutingMiddleware.php(170): Cake\Http\Runner->run(Object(Cake\Http\MiddlewareQueue), Object(Cake\Http\ServerRequest), Object(Cake\Http\Response))
#9 C:\xampp\htdocs\Curso php\Cakephp\vendor\cakephp\cakephp\src\Http\Runner.php(65): Cake\Routing\Middleware\RoutingMiddleware->__invoke(Object(Cake\Http\ServerRequest), Object(Cake\Http\Response), Object(Cake\Http\Runner))
#10 C:\xampp\htdocs\Curso php\Cakephp\vendor\cakephp\cakephp\src\Routing\Middleware\AssetMiddleware.php(88): Cake\Http\Runner->__invoke(Object(Cake\Http\ServerRequest), Object(Cake\Http\Response))
#11 C:\xampp\htdocs\Curso php\Cakephp\vendor\cakephp\cakephp\src\Http\Runner.php(65): Cake\Routing\Middleware\AssetMiddleware->__invoke(Object(Cake\Http\ServerRequest), Object(Cake\Http\Response), Object(Cake\Http\Runner))
#12 C:\xampp\htdocs\Curso php\Cakephp\vendor\cakephp\cakephp\src\Error\Middleware\ErrorHandlerMiddleware.php(100): Cake\Http\Runner->__invoke(Object(Cake\Http\ServerRequest), Object(Cake\Http\Response))
#13 C:\xampp\htdocs\Curso php\Cakephp\vendor\cakephp\cakephp\src\Http\Runner.php(65): Cake\Error\Middleware\ErrorHandlerMiddleware->__invoke(Object(Cake\Http\ServerRequest), Object(Cake\Http\Response), Object(Cake\Http\Runner))
#14 C:\xampp\htdocs\Curso php\Cakephp\vendor\cakephp\debug_kit\src\Middleware\DebugKitMiddleware.php(53): Cake\Http\Runner->__invoke(Object(Cake\Http\ServerRequest), Object(Cake\Http\Response))
#15 C:\xampp\htdocs\Curso php\Cakephp\vendor\cakephp\cakephp\src\Http\Runner.php(65): DebugKit\Middleware\DebugKitMiddleware->__invoke(Object(Cake\Http\ServerRequest), Object(Cake\Http\Response), Object(Cake\Http\Runner))
#16 C:\xampp\htdocs\Curso php\Cakephp\vendor\cakephp\cakephp\src\Http\Runner.php(51): Cake\Http\Runner->__invoke(Object(Cake\Http\ServerRequest), Object(Cake\Http\Response))
#17 C:\xampp\htdocs\Curso php\Cakephp\vendor\cakephp\cakephp\src\Http\Server.php(97): Cake\Http\Runner->run(Object(Cake\Http\MiddlewareQueue), Object(Cake\Http\ServerRequest), Object(Cake\Http\Response))
#18 C:\xampp\htdocs\Curso php\Cakephp\webroot\index.php(40): Cake\Http\Server->run()
#19 {main}
Request URL: /curso%20php/Cakephp/
Referer URL: http://localhost/curso%20php/


2022-10-22 18:28:57 Error: [Cake\Routing\Exception\MissingControllerException] Controller class CursoPhp could not be found. (C:\xampp\htdocs\Curso php\Cakephp\vendor\cakephp\cakephp\src\Http\ControllerFactory.php:105)
Exception Attributes: array (
  'class' => 'CursoPhp',
  'plugin' => false,
  'prefix' => false,
  '_ext' => false,
)
#0 C:\xampp\htdocs\Curso php\Cakephp\vendor\cakephp\cakephp\src\Http\ControllerFactory.php(39): Cake\Http\ControllerFactory->missingController(Object(Cake\Http\ServerRequest))
#1 C:\xampp\htdocs\Curso php\Cakephp\vendor\cakephp\cakephp\src\Http\ActionDispatcher.php(91): Cake\Http\ControllerFactory->create(Object(Cake\Http\ServerRequest), Object(Cake\Http\Response))
#2 C:\xampp\htdocs\Curso php\Cakephp\vendor\cakephp\cakephp\src\Http\BaseApplication.php(256): Cake\Http\ActionDispatcher->dispatch(Object(Cake\Http\ServerRequest), Object(Cake\Http\Response))
#3 C:\xampp\htdocs\Curso php\Cakephp\vendor\cakephp\cakephp\src\Http\Runner.php(65): Cake\Http\BaseApplication->__invoke(Object(Cake\Http\ServerRequest), Object(Cake\Http\Response), Object(Cake\Http\Runner))
#4 C:\xampp\htdocs\Curso php\Cakephp\vendor\cakephp\cakephp\src\Http\Runner.php(65): Cake\Http\Runner->__invoke(Object(Cake\Http\ServerRequest), Object(Cake\Http\Response), Object(Cake\Http\Runner))
#5 C:\xampp\htdocs\Curso php\Cakephp\vendor\cakephp\cakephp\src\Http\Middleware\CsrfProtectionMiddleware.php(133): Cake\Http\Runner->__invoke(Object(Cake\Http\ServerRequest), Object(Cake\Http\Response))
#6 C:\xampp\htdocs\Curso php\Cakephp\vendor\cakephp\cakephp\src\Http\Runner.php(65): Cake\Http\Middleware\CsrfProtectionMiddleware->__invoke(Object(Cake\Http\ServerRequest), Object(Cake\Http\Response), Object(Cake\Http\Runner))
#7 C:\xampp\htdocs\Curso php\Cakephp\vendor\cakephp\cakephp\src\Http\Runner.php(51): Cake\Http\Runner->__invoke(Object(Cake\Http\ServerRequest), Object(Cake\Http\Response))
#8 C:\xampp\htdocs\Curso php\Cakephp\vendor\cakephp\cakephp\src\Routing\Middleware\RoutingMiddleware.php(170): Cake\Http\Runner->run(Object(Cake\Http\MiddlewareQueue), Object(Cake\Http\ServerRequest), Object(Cake\Http\Response))
#9 C:\xampp\htdocs\Curso php\Cakephp\vendor\cakephp\cakephp\src\Http\Runner.php(65): Cake\Routing\Middleware\RoutingMiddleware->__invoke(Object(Cake\Http\ServerRequest), Object(Cake\Http\Response), Object(Cake\Http\Runner))
#10 C:\xampp\htdocs\Curso php\Cakephp\vendor\cakephp\cakephp\src\Routing\Middleware\AssetMiddleware.php(88): Cake\Http\Runner->__invoke(Object(Cake\Http\ServerRequest), Object(Cake\Http\Response))
#11 C:\xampp\htdocs\Curso php\Cakephp\vendor\cakephp\cakephp\src\Http\Runner.php(65): Cake\Routing\Middleware\AssetMiddleware->__invoke(Object(Cake\Http\ServerRequest), Object(Cake\Http\Response), Object(Cake\Http\Runner))
#12 C:\xampp\htdocs\Curso php\Cakephp\vendor\cakephp\cakephp\src\Error\Middleware\ErrorHandlerMiddleware.php(100): Cake\Http\Runner->__invoke(Object(Cake\Http\ServerRequest), Object(Cake\Http\Response))
#13 C:\xampp\htdocs\Curso php\Cakephp\vendor\cakephp\cakephp\src\Http\Runner.php(65): Cake\Error\Middleware\ErrorHandlerMiddleware->__invoke(Object(Cake\Http\ServerRequest), Object(Cake\Http\Response), Object(Cake\Http\Runner))
#14 C:\xampp\htdocs\Curso php\Cakephp\vendor\cakephp\debug_kit\src\Middleware\DebugKitMiddleware.php(53): Cake\Http\Runner->__invoke(Object(Cake\Http\ServerRequest), Object(Cake\Http\Response))
#15 C:\xampp\htdocs\Curso php\Cakephp\vendor\cakephp\cakephp\src\Http\Runner.php(65): DebugKit\Middleware\DebugKitMiddleware->__invoke(Object(Cake\Http\ServerRequest), Object(Cake\Http\Response), Object(Cake\Http\Runner))
#16 C:\xampp\htdocs\Curso php\Cakephp\vendor\cakephp\cakephp\src\Http\Runner.php(51): Cake\Http\Runner->__invoke(Object(Cake\Http\ServerRequest), Object(Cake\Http\Response))
#17 C:\xampp\htdocs\Curso php\Cakephp\vendor\cakephp\cakephp\src\Http\Server.php(97): Cake\Http\Runner->run(Object(Cake\Http\MiddlewareQueue), Object(Cake\Http\ServerRequest), Object(Cake\Http\Response))
#18 C:\xampp\htdocs\Curso php\Cakephp\webroot\index.php(40): Cake\Http\Server->run()
#19 {main}
Request URL: /curso%20php/Cakephp/
Referer URL: http://localhost/curso%20php/


2022-10-22 19:13:14 Error: [Cake\Routing\Exception\MissingControllerException] Controller class Clientes could not be found. (C:\xampp\htdocs\Cursophp\Cakephp\vendor\cakephp\cakephp\src\Http\ControllerFactory.php:105)
Exception Attributes: array (
  'class' => 'Clientes',
  'plugin' => false,
  'prefix' => false,
  '_ext' => false,
)
#0 C:\xampp\htdocs\Cursophp\Cakephp\vendor\cakephp\cakephp\src\Http\ControllerFactory.php(39): Cake\Http\ControllerFactory->missingController(Object(Cake\Http\ServerRequest))
#1 C:\xampp\htdocs\Cursophp\Cakephp\vendor\cakephp\cakephp\src\Http\ActionDispatcher.php(91): Cake\Http\ControllerFactory->create(Object(Cake\Http\ServerRequest), Object(Cake\Http\Response))
#2 C:\xampp\htdocs\Cursophp\Cakephp\vendor\cakephp\cakephp\src\Http\BaseApplication.php(256): Cake\Http\ActionDispatcher->dispatch(Object(Cake\Http\ServerRequest), Object(Cake\Http\Response))
#3 C:\xampp\htdocs\Cursophp\Cakephp\vendor\cakephp\cakephp\src\Http\Runner.php(65): Cake\Http\BaseApplication->__invoke(Object(Cake\Http\ServerRequest), Object(Cake\Http\Response), Object(Cake\Http\Runner))
#4 C:\xampp\htdocs\Cursophp\Cakephp\vendor\cakephp\cakephp\src\Http\Runner.php(65): Cake\Http\Runner->__invoke(Object(Cake\Http\ServerRequest), Object(Cake\Http\Response), Object(Cake\Http\Runner))
#5 C:\xampp\htdocs\Cursophp\Cakephp\vendor\cakephp\cakephp\src\Http\Middleware\CsrfProtectionMiddleware.php(137): Cake\Http\Runner->__invoke(Object(Cake\Http\ServerRequest), Object(Cake\Http\Response))
#6 C:\xampp\htdocs\Cursophp\Cakephp\vendor\cakephp\cakephp\src\Http\Runner.php(65): Cake\Http\Middleware\CsrfProtectionMiddleware->__invoke(Object(Cake\Http\ServerRequest), Object(Cake\Http\Response), Object(Cake\Http\Runner))
#7 C:\xampp\htdocs\Cursophp\Cakephp\vendor\cakephp\cakephp\src\Http\Runner.php(51): Cake\Http\Runner->__invoke(Object(Cake\Http\ServerRequest), Object(Cake\Http\Response))
#8 C:\xampp\htdocs\Cursophp\Cakephp\vendor\cakephp\cakephp\src\Routing\Middleware\RoutingMiddleware.php(170): Cake\Http\Runner->run(Object(Cake\Http\MiddlewareQueue), Object(Cake\Http\ServerRequest), Object(Cake\Http\Response))
#9 C:\xampp\htdocs\Cursophp\Cakephp\vendor\cakephp\cakephp\src\Http\Runner.php(65): Cake\Routing\Middleware\RoutingMiddleware->__invoke(Object(Cake\Http\ServerRequest), Object(Cake\Http\Response), Object(Cake\Http\Runner))
#10 C:\xampp\htdocs\Cursophp\Cakephp\vendor\cakephp\cakephp\src\Routing\Middleware\AssetMiddleware.php(88): Cake\Http\Runner->__invoke(Object(Cake\Http\ServerRequest), Object(Cake\Http\Response))
#11 C:\xampp\htdocs\Cursophp\Cakephp\vendor\cakephp\cakephp\src\Http\Runner.php(65): Cake\Routing\Middleware\AssetMiddleware->__invoke(Object(Cake\Http\ServerRequest), Object(Cake\Http\Response), Object(Cake\Http\Runner))
#12 C:\xampp\htdocs\Cursophp\Cakephp\vendor\cakephp\cakephp\src\Error\Middleware\ErrorHandlerMiddleware.php(100): Cake\Http\Runner->__invoke(Object(Cake\Http\ServerRequest), Object(Cake\Http\Response))
#13 C:\xampp\htdocs\Cursophp\Cakephp\vendor\cakephp\cakephp\src\Http\Runner.php(65): Cake\Error\Middleware\ErrorHandlerMiddleware->__invoke(Object(Cake\Http\ServerRequest), Object(Cake\Http\Response), Object(Cake\Http\Runner))
#14 C:\xampp\htdocs\Cursophp\Cakephp\vendor\cakephp\debug_kit\src\Middleware\DebugKitMiddleware.php(53): Cake\Http\Runner->__invoke(Object(Cake\Http\ServerRequest), Object(Cake\Http\Response))
#15 C:\xampp\htdocs\Cursophp\Cakephp\vendor\cakephp\cakephp\src\Http\Runner.php(65): DebugKit\Middleware\DebugKitMiddleware->__invoke(Object(Cake\Http\ServerRequest), Object(Cake\Http\Response), Object(Cake\Http\Runner))
#16 C:\xampp\htdocs\Cursophp\Cakephp\vendor\cakephp\cakephp\src\Http\Runner.php(51): Cake\Http\Runner->__invoke(Object(Cake\Http\ServerRequest), Object(Cake\Http\Response))
#17 C:\xampp\htdocs\Cursophp\Cakephp\vendor\cakephp\cakephp\src\Http\Server.php(97): Cake\Http\Runner->run(Object(Cake\Http\MiddlewareQueue), Object(Cake\Http\ServerRequest), Object(Cake\Http\Response))
#18 C:\xampp\htdocs\Cursophp\Cakephp\webroot\index.php(40): Cake\Http\Server->run()
#19 {main}
Request URL: /clientes


2022-10-22 19:25:32 Error: [ParseError] syntax error, unexpected 'protected' (T_PROTECTED), expecting end of file (C:\xampp\htdocs\Cursophp\Cakephp\src\Model\Entity\Cliente.php:45)
#0 C:\xampp\htdocs\Cursophp\Cakephp\vendor\composer\ClassLoader.php(428): Composer\Autoload\includeFile('C:\\xampp\\htdocs...')
#1 [internal function]: Composer\Autoload\ClassLoader->loadClass('App\\Model\\Entit...')
#2 [internal function]: spl_autoload_call('App\\Model\\Entit...')
#3 C:\xampp\htdocs\Cursophp\Cakephp\vendor\cakephp\cakephp\src\ORM\Table.php(796): class_exists('App\\Model\\Entit...')
#4 C:\xampp\htdocs\Cursophp\Cakephp\vendor\cakephp\cakephp\src\ORM\Table.php(3119): Cake\ORM\Table->getEntityClass()
#5 C:\xampp\htdocs\Cursophp\Cakephp\vendor\cakephp\cakephp\src\Error\Debugger.php(608): Cake\ORM\Table->__debugInfo()
#6 C:\xampp\htdocs\Cursophp\Cakephp\vendor\cakephp\cakephp\src\Error\Debugger.php(532): Cake\Error\Debugger::_object(Object(App\Model\Table\ClientesTable), 1, 2)
#7 C:\xampp\htdocs\Cursophp\Cakephp\vendor\cakephp\cakephp\src\Error\Debugger.php(573): Cake\Error\Debugger::_export(Object(App\Model\Table\ClientesTable), 2, 1)
#8 C:\xampp\htdocs\Cursophp\Cakephp\vendor\cakephp\cakephp\src\Error\Debugger.php(608): Cake\Error\Debugger::_array(Array, 2, 1)
#9 C:\xampp\htdocs\Cursophp\Cakephp\vendor\cakephp\cakephp\src\Error\Debugger.php(532): Cake\Error\Debugger::_object(Object(Cake\ORM\Query), 3, 1)
#10 C:\xampp\htdocs\Cursophp\Cakephp\vendor\cakephp\cakephp\src\Error\Debugger.php(497): Cake\Error\Debugger::_export(Object(Cake\ORM\Query), 4, 0)
#11 C:\xampp\htdocs\Cursophp\Cakephp\vendor\cakephp\cakephp\src\Template\Element\exception_stack_trace.ctp(37): Cake\Error\Debugger::exportVar(Object(Cake\ORM\Query), 4)
#12 C:\xampp\htdocs\Cursophp\Cakephp\vendor\cakephp\cakephp\src\View\View.php(1435): include('C:\\xampp\\htdocs...')
#13 C:\xampp\htdocs\Cursophp\Cakephp\vendor\cakephp\cakephp\src\View\View.php(1393): Cake\View\View->_evaluate('C:\\xampp\\htdocs...', Array)
#14 C:\xampp\htdocs\Cursophp\Cakephp\vendor\cakephp\cakephp\src\View\View.php(1879): Cake\View\View->_render('C:\\xampp\\htdocs...', Array)
#15 C:\xampp\htdocs\Cursophp\Cakephp\vendor\cakephp\cakephp\src\View\View.php(783): Cake\View\View->_renderElement('C:\\xampp\\htdocs...', Array, Array)
#16 C:\xampp\htdocs\Cursophp\Cakephp\vendor\cakephp\cakephp\src\Template\Layout\dev_error.ctp(220): Cake\View\View->element('exception_stack...')
#17 C:\xampp\htdocs\Cursophp\Cakephp\vendor\cakephp\cakephp\src\View\View.php(1435): include('C:\\xampp\\htdocs...')
#18 C:\xampp\htdocs\Cursophp\Cakephp\vendor\cakephp\cakephp\src\View\View.php(1393): Cake\View\View->_evaluate('C:\\xampp\\htdocs...', Array)
#19 C:\xampp\htdocs\Cursophp\Cakephp\vendor\cakephp\cakephp\src\View\View.php(939): Cake\View\View->_render('C:\\xampp\\htdocs...')
#20 C:\xampp\htdocs\Cursophp\Cakephp\vendor\cakephp\cakephp\src\View\View.php(897): Cake\View\View->renderLayout('', 'dev_error')
#21 C:\xampp\htdocs\Cursophp\Cakephp\vendor\cakephp\cakephp\src\Controller\Controller.php(791): Cake\View\View->render('error500', NULL)
#22 C:\xampp\htdocs\Cursophp\Cakephp\vendor\cakephp\cakephp\src\Error\ExceptionRenderer.php(369): Cake\Controller\Controller->render('error500')
#23 C:\xampp\htdocs\Cursophp\Cakephp\vendor\cakephp\cakephp\src\Error\ExceptionRenderer.php(378): Cake\Error\ExceptionRenderer->_outputMessage('error500')
#24 C:\xampp\htdocs\Cursophp\Cakephp\vendor\cakephp\cakephp\src\Error\ExceptionRenderer.php(243): Cake\Error\ExceptionRenderer->_outputMessage('parseError')
#25 C:\xampp\htdocs\Cursophp\Cakephp\vendor\cakephp\cakephp\src\Error\Middleware\ErrorHandlerMiddleware.php(120): Cake\Error\ExceptionRenderer->render()
#26 C:\xampp\htdocs\Cursophp\Cakephp\vendor\cakephp\cakephp\src\Error\Middleware\ErrorHandlerMiddleware.php(102): Cake\Error\Middleware\ErrorHandlerMiddleware->handleException(Object(ParseError), Object(Cake\Http\ServerRequest), Object(Cake\Http\Response))
#27 C:\xampp\htdocs\Cursophp\Cakephp\vendor\cakephp\cakephp\src\Http\Runner.php(65): Cake\Error\Middleware\ErrorHandlerMiddleware->__invoke(Object(Cake\Http\ServerRequest), Object(Cake\Http\Response), Object(Cake\Http\Runner))
#28 C:\xampp\htdocs\Cursophp\Cakephp\vendor\cakephp\debug_kit\src\Middleware\DebugKitMiddleware.php(53): Cake\Http\Runner->__invoke(Object(Cake\Http\ServerRequest), Object(Cake\Http\Response))
#29 C:\xampp\htdocs\Cursophp\Cakephp\vendor\cakephp\cakephp\src\Http\Runner.php(65): DebugKit\Middleware\DebugKitMiddleware->__invoke(Object(Cake\Http\ServerRequest), Object(Cake\Http\Response), Object(Cake\Http\Runner))
#30 C:\xampp\htdocs\Cursophp\Cakephp\vendor\cakephp\cakephp\src\Http\Runner.php(51): Cake\Http\Runner->__invoke(Object(Cake\Http\ServerRequest), Object(Cake\Http\Response))
#31 C:\xampp\htdocs\Cursophp\Cakephp\vendor\cakephp\cakephp\src\Http\Server.php(97): Cake\Http\Runner->run(Object(Cake\Http\MiddlewareQueue), Object(Cake\Http\ServerRequest), Object(Cake\Http\Response))
#32 C:\xampp\htdocs\Cursophp\Cakephp\webroot\index.php(40): Cake\Http\Server->run()
#33 {main}
Request URL: /clientes
Referer URL: http://localhost/Cursophp/Cakephp/clientes/add


2022-10-22 19:26:50 Error: [ParseError] syntax error, unexpected 'protected' (T_PROTECTED), expecting end of file (C:\xampp\htdocs\Cursophp\Cakephp\src\Model\Entity\Cliente.php:44)
#0 C:\xampp\htdocs\Cursophp\Cakephp\vendor\composer\ClassLoader.php(428): Composer\Autoload\includeFile('C:\\xampp\\htdocs...')
#1 [internal function]: Composer\Autoload\ClassLoader->loadClass('App\\Model\\Entit...')
#2 [internal function]: spl_autoload_call('App\\Model\\Entit...')
#3 C:\xampp\htdocs\Cursophp\Cakephp\vendor\cakephp\cakephp\src\ORM\Table.php(796): class_exists('App\\Model\\Entit...')
#4 C:\xampp\htdocs\Cursophp\Cakephp\vendor\cakephp\cakephp\src\ORM\Table.php(3119): Cake\ORM\Table->getEntityClass()
#5 C:\xampp\htdocs\Cursophp\Cakephp\vendor\cakephp\cakephp\src\Error\Debugger.php(608): Cake\ORM\Table->__debugInfo()
#6 C:\xampp\htdocs\Cursophp\Cakephp\vendor\cakephp\cakephp\src\Error\Debugger.php(532): Cake\Error\Debugger::_object(Object(App\Model\Table\ClientesTable), 1, 2)
#7 C:\xampp\htdocs\Cursophp\Cakephp\vendor\cakephp\cakephp\src\Error\Debugger.php(621): Cake\Error\Debugger::_export(Object(App\Model\Table\ClientesTable), 2, 1)
#8 C:\xampp\htdocs\Cursophp\Cakephp\vendor\cakephp\cakephp\src\Error\Debugger.php(532): Cake\Error\Debugger::_object(Object(App\Controller\ClientesController), 3, 1)
#9 C:\xampp\htdocs\Cursophp\Cakephp\vendor\cakephp\cakephp\src\Error\Debugger.php(497): Cake\Error\Debugger::_export(Object(App\Controller\ClientesController), 4, 0)
#10 C:\xampp\htdocs\Cursophp\Cakephp\vendor\cakephp\cakephp\src\Template\Element\exception_stack_trace.ctp(37): Cake\Error\Debugger::exportVar(Object(App\Controller\ClientesController), 4)
#11 C:\xampp\htdocs\Cursophp\Cakephp\vendor\cakephp\cakephp\src\View\View.php(1435): include('C:\\xampp\\htdocs...')
#12 C:\xampp\htdocs\Cursophp\Cakephp\vendor\cakephp\cakephp\src\View\View.php(1393): Cake\View\View->_evaluate('C:\\xampp\\htdocs...', Array)
#13 C:\xampp\htdocs\Cursophp\Cakephp\vendor\cakephp\cakephp\src\View\View.php(1879): Cake\View\View->_render('C:\\xampp\\htdocs...', Array)
#14 C:\xampp\htdocs\Cursophp\Cakephp\vendor\cakephp\cakephp\src\View\View.php(783): Cake\View\View->_renderElement('C:\\xampp\\htdocs...', Array, Array)
#15 C:\xampp\htdocs\Cursophp\Cakephp\vendor\cakephp\cakephp\src\Template\Layout\dev_error.ctp(220): Cake\View\View->element('exception_stack...')
#16 C:\xampp\htdocs\Cursophp\Cakephp\vendor\cakephp\cakephp\src\View\View.php(1435): include('C:\\xampp\\htdocs...')
#17 C:\xampp\htdocs\Cursophp\Cakephp\vendor\cakephp\cakephp\src\View\View.php(1393): Cake\View\View->_evaluate('C:\\xampp\\htdocs...', Array)
#18 C:\xampp\htdocs\Cursophp\Cakephp\vendor\cakephp\cakephp\src\View\View.php(939): Cake\View\View->_render('C:\\xampp\\htdocs...')
#19 C:\xampp\htdocs\Cursophp\Cakephp\vendor\cakephp\cakephp\src\View\View.php(897): Cake\View\View->renderLayout('', 'dev_error')
#20 C:\xampp\htdocs\Cursophp\Cakephp\vendor\cakephp\cakephp\src\Controller\Controller.php(791): Cake\View\View->render('error500', NULL)
#21 C:\xampp\htdocs\Cursophp\Cakephp\vendor\cakephp\cakephp\src\Error\ExceptionRenderer.php(369): Cake\Controller\Controller->render('error500')
#22 C:\xampp\htdocs\Cursophp\Cakephp\vendor\cakephp\cakephp\src\Error\ExceptionRenderer.php(378): Cake\Error\ExceptionRenderer->_outputMessage('error500')
#23 C:\xampp\htdocs\Cursophp\Cakephp\vendor\cakephp\cakephp\src\Error\ExceptionRenderer.php(243): Cake\Error\ExceptionRenderer->_outputMessage('parseError')
#24 C:\xampp\htdocs\Cursophp\Cakephp\vendor\cakephp\cakephp\src\Error\Middleware\ErrorHandlerMiddleware.php(120): Cake\Error\ExceptionRenderer->render()
#25 C:\xampp\htdocs\Cursophp\Cakephp\vendor\cakephp\cakephp\src\Error\Middleware\ErrorHandlerMiddleware.php(102): Cake\Error\Middleware\ErrorHandlerMiddleware->handleException(Object(ParseError), Object(Cake\Http\ServerRequest), Object(Cake\Http\Response))
#26 C:\xampp\htdocs\Cursophp\Cakephp\vendor\cakephp\cakephp\src\Http\Runner.php(65): Cake\Error\Middleware\ErrorHandlerMiddleware->__invoke(Object(Cake\Http\ServerRequest), Object(Cake\Http\Response), Object(Cake\Http\Runner))
#27 C:\xampp\htdocs\Cursophp\Cakephp\vendor\cakephp\debug_kit\src\Middleware\DebugKitMiddleware.php(53): Cake\Http\Runner->__invoke(Object(Cake\Http\ServerRequest), Object(Cake\Http\Response))
#28 C:\xampp\htdocs\Cursophp\Cakephp\vendor\cakephp\cakephp\src\Http\Runner.php(65): DebugKit\Middleware\DebugKitMiddleware->__invoke(Object(Cake\Http\ServerRequest), Object(Cake\Http\Response), Object(Cake\Http\Runner))
#29 C:\xampp\htdocs\Cursophp\Cakephp\vendor\cakephp\cakephp\src\Http\Runner.php(51): Cake\Http\Runner->__invoke(Object(Cake\Http\ServerRequest), Object(Cake\Http\Response))
#30 C:\xampp\htdocs\Cursophp\Cakephp\vendor\cakephp\cakephp\src\Http\Server.php(97): Cake\Http\Runner->run(Object(Cake\Http\MiddlewareQueue), Object(Cake\Http\ServerRequest), Object(Cake\Http\Response))
#31 C:\xampp\htdocs\Cursophp\Cakephp\webroot\index.php(40): Cake\Http\Server->run()
#32 {main}
Request URL: /clientes/add
Referer URL: http://localhost/Cursophp/Cakephp/clientes


2022-10-22 19:26:58 Error: [ParseError] syntax error, unexpected 'protected' (T_PROTECTED), expecting end of file (C:\xampp\htdocs\Cursophp\Cakephp\src\Model\Entity\Cliente.php:44)
#0 C:\xampp\htdocs\Cursophp\Cakephp\vendor\composer\ClassLoader.php(428): Composer\Autoload\includeFile('C:\\xampp\\htdocs...')
#1 [internal function]: Composer\Autoload\ClassLoader->loadClass('App\\Model\\Entit...')
#2 [internal function]: spl_autoload_call('App\\Model\\Entit...')
#3 C:\xampp\htdocs\Cursophp\Cakephp\vendor\cakephp\cakephp\src\ORM\Table.php(796): class_exists('App\\Model\\Entit...')
#4 C:\xampp\htdocs\Cursophp\Cakephp\vendor\cakephp\cakephp\src\ORM\Table.php(3119): Cake\ORM\Table->getEntityClass()
#5 C:\xampp\htdocs\Cursophp\Cakephp\vendor\cakephp\cakephp\src\Error\Debugger.php(608): Cake\ORM\Table->__debugInfo()
#6 C:\xampp\htdocs\Cursophp\Cakephp\vendor\cakephp\cakephp\src\Error\Debugger.php(532): Cake\Error\Debugger::_object(Object(App\Model\Table\ClientesTable), 1, 2)
#7 C:\xampp\htdocs\Cursophp\Cakephp\vendor\cakephp\cakephp\src\Error\Debugger.php(573): Cake\Error\Debugger::_export(Object(App\Model\Table\ClientesTable), 2, 1)
#8 C:\xampp\htdocs\Cursophp\Cakephp\vendor\cakephp\cakephp\src\Error\Debugger.php(608): Cake\Error\Debugger::_array(Array, 2, 1)
#9 C:\xampp\htdocs\Cursophp\Cakephp\vendor\cakephp\cakephp\src\Error\Debugger.php(532): Cake\Error\Debugger::_object(Object(Cake\ORM\Query), 3, 1)
#10 C:\xampp\htdocs\Cursophp\Cakephp\vendor\cakephp\cakephp\src\Error\Debugger.php(497): Cake\Error\Debugger::_export(Object(Cake\ORM\Query), 4, 0)
#11 C:\xampp\htdocs\Cursophp\Cakephp\vendor\cakephp\cakephp\src\Template\Element\exception_stack_trace.ctp(37): Cake\Error\Debugger::exportVar(Object(Cake\ORM\Query), 4)
#12 C:\xampp\htdocs\Cursophp\Cakephp\vendor\cakephp\cakephp\src\View\View.php(1435): include('C:\\xampp\\htdocs...')
#13 C:\xampp\htdocs\Cursophp\Cakephp\vendor\cakephp\cakephp\src\View\View.php(1393): Cake\View\View->_evaluate('C:\\xampp\\htdocs...', Array)
#14 C:\xampp\htdocs\Cursophp\Cakephp\vendor\cakephp\cakephp\src\View\View.php(1879): Cake\View\View->_render('C:\\xampp\\htdocs...', Array)
#15 C:\xampp\htdocs\Cursophp\Cakephp\vendor\cakephp\cakephp\src\View\View.php(783): Cake\View\View->_renderElement('C:\\xampp\\htdocs...', Array, Array)
#16 C:\xampp\htdocs\Cursophp\Cakephp\vendor\cakephp\cakephp\src\Template\Layout\dev_error.ctp(220): Cake\View\View->element('exception_stack...')
#17 C:\xampp\htdocs\Cursophp\Cakephp\vendor\cakephp\cakephp\src\View\View.php(1435): include('C:\\xampp\\htdocs...')
#18 C:\xampp\htdocs\Cursophp\Cakephp\vendor\cakephp\cakephp\src\View\View.php(1393): Cake\View\View->_evaluate('C:\\xampp\\htdocs...', Array)
#19 C:\xampp\htdocs\Cursophp\Cakephp\vendor\cakephp\cakephp\src\View\View.php(939): Cake\View\View->_render('C:\\xampp\\htdocs...')
#20 C:\xampp\htdocs\Cursophp\Cakephp\vendor\cakephp\cakephp\src\View\View.php(897): Cake\View\View->renderLayout('', 'dev_error')
#21 C:\xampp\htdocs\Cursophp\Cakephp\vendor\cakephp\cakephp\src\Controller\Controller.php(791): Cake\View\View->render('error500', NULL)
#22 C:\xampp\htdocs\Cursophp\Cakephp\vendor\cakephp\cakephp\src\Error\ExceptionRenderer.php(369): Cake\Controller\Controller->render('error500')
#23 C:\xampp\htdocs\Cursophp\Cakephp\vendor\cakephp\cakephp\src\Error\ExceptionRenderer.php(378): Cake\Error\ExceptionRenderer->_outputMessage('error500')
#24 C:\xampp\htdocs\Cursophp\Cakephp\vendor\cakephp\cakephp\src\Error\ExceptionRenderer.php(243): Cake\Error\ExceptionRenderer->_outputMessage('parseError')
#25 C:\xampp\htdocs\Cursophp\Cakephp\vendor\cakephp\cakephp\src\Error\Middleware\ErrorHandlerMiddleware.php(120): Cake\Error\ExceptionRenderer->render()
#26 C:\xampp\htdocs\Cursophp\Cakephp\vendor\cakephp\cakephp\src\Error\Middleware\ErrorHandlerMiddleware.php(102): Cake\Error\Middleware\ErrorHandlerMiddleware->handleException(Object(ParseError), Object(Cake\Http\ServerRequest), Object(Cake\Http\Response))
#27 C:\xampp\htdocs\Cursophp\Cakephp\vendor\cakephp\cakephp\src\Http\Runner.php(65): Cake\Error\Middleware\ErrorHandlerMiddleware->__invoke(Object(Cake\Http\ServerRequest), Object(Cake\Http\Response), Object(Cake\Http\Runner))
#28 C:\xampp\htdocs\Cursophp\Cakephp\vendor\cakephp\debug_kit\src\Middleware\DebugKitMiddleware.php(53): Cake\Http\Runner->__invoke(Object(Cake\Http\ServerRequest), Object(Cake\Http\Response))
#29 C:\xampp\htdocs\Cursophp\Cakephp\vendor\cakephp\cakephp\src\Http\Runner.php(65): DebugKit\Middleware\DebugKitMiddleware->__invoke(Object(Cake\Http\ServerRequest), Object(Cake\Http\Response), Object(Cake\Http\Runner))
#30 C:\xampp\htdocs\Cursophp\Cakephp\vendor\cakephp\cakephp\src\Http\Runner.php(51): Cake\Http\Runner->__invoke(Object(Cake\Http\ServerRequest), Object(Cake\Http\Response))
#31 C:\xampp\htdocs\Cursophp\Cakephp\vendor\cakephp\cakephp\src\Http\Server.php(97): Cake\Http\Runner->run(Object(Cake\Http\MiddlewareQueue), Object(Cake\Http\ServerRequest), Object(Cake\Http\Response))
#32 C:\xampp\htdocs\Cursophp\Cakephp\webroot\index.php(40): Cake\Http\Server->run()
#33 {main}
Request URL: /clientes/


2022-10-22 19:27:22 Error: [ParseError] syntax error, unexpected 'protected' (T_PROTECTED), expecting end of file (C:\xampp\htdocs\Cursophp\Cakephp\src\Model\Entity\Cliente.php:44)
#0 C:\xampp\htdocs\Cursophp\Cakephp\vendor\composer\ClassLoader.php(428): Composer\Autoload\includeFile('C:\\xampp\\htdocs...')
#1 [internal function]: Composer\Autoload\ClassLoader->loadClass('App\\Model\\Entit...')
#2 [internal function]: spl_autoload_call('App\\Model\\Entit...')
#3 C:\xampp\htdocs\Cursophp\Cakephp\vendor\cakephp\cakephp\src\ORM\Table.php(796): class_exists('App\\Model\\Entit...')
#4 C:\xampp\htdocs\Cursophp\Cakephp\vendor\cakephp\cakephp\src\ORM\Table.php(3119): Cake\ORM\Table->getEntityClass()
#5 C:\xampp\htdocs\Cursophp\Cakephp\vendor\cakephp\cakephp\src\Error\Debugger.php(608): Cake\ORM\Table->__debugInfo()
#6 C:\xampp\htdocs\Cursophp\Cakephp\vendor\cakephp\cakephp\src\Error\Debugger.php(532): Cake\Error\Debugger::_object(Object(App\Model\Table\ClientesTable), 1, 2)
#7 C:\xampp\htdocs\Cursophp\Cakephp\vendor\cakephp\cakephp\src\Error\Debugger.php(573): Cake\Error\Debugger::_export(Object(App\Model\Table\ClientesTable), 2, 1)
#8 C:\xampp\htdocs\Cursophp\Cakephp\vendor\cakephp\cakephp\src\Error\Debugger.php(608): Cake\Error\Debugger::_array(Array, 2, 1)
#9 C:\xampp\htdocs\Cursophp\Cakephp\vendor\cakephp\cakephp\src\Error\Debugger.php(532): Cake\Error\Debugger::_object(Object(Cake\ORM\Query), 3, 1)
#10 C:\xampp\htdocs\Cursophp\Cakephp\vendor\cakephp\cakephp\src\Error\Debugger.php(497): Cake\Error\Debugger::_export(Object(Cake\ORM\Query), 4, 0)
#11 C:\xampp\htdocs\Cursophp\Cakephp\vendor\cakephp\cakephp\src\Template\Element\exception_stack_trace.ctp(37): Cake\Error\Debugger::exportVar(Object(Cake\ORM\Query), 4)
#12 C:\xampp\htdocs\Cursophp\Cakephp\vendor\cakephp\cakephp\src\View\View.php(1435): include('C:\\xampp\\htdocs...')
#13 C:\xampp\htdocs\Cursophp\Cakephp\vendor\cakephp\cakephp\src\View\View.php(1393): Cake\View\View->_evaluate('C:\\xampp\\htdocs...', Array)
#14 C:\xampp\htdocs\Cursophp\Cakephp\vendor\cakephp\cakephp\src\View\View.php(1879): Cake\View\View->_render('C:\\xampp\\htdocs...', Array)
#15 C:\xampp\htdocs\Cursophp\Cakephp\vendor\cakephp\cakephp\src\View\View.php(783): Cake\View\View->_renderElement('C:\\xampp\\htdocs...', Array, Array)
#16 C:\xampp\htdocs\Cursophp\Cakephp\vendor\cakephp\cakephp\src\Template\Layout\dev_error.ctp(220): Cake\View\View->element('exception_stack...')
#17 C:\xampp\htdocs\Cursophp\Cakephp\vendor\cakephp\cakephp\src\View\View.php(1435): include('C:\\xampp\\htdocs...')
#18 C:\xampp\htdocs\Cursophp\Cakephp\vendor\cakephp\cakephp\src\View\View.php(1393): Cake\View\View->_evaluate('C:\\xampp\\htdocs...', Array)
#19 C:\xampp\htdocs\Cursophp\Cakephp\vendor\cakephp\cakephp\src\View\View.php(939): Cake\View\View->_render('C:\\xampp\\htdocs...')
#20 C:\xampp\htdocs\Cursophp\Cakephp\vendor\cakephp\cakephp\src\View\View.php(897): Cake\View\View->renderLayout('', 'dev_error')
#21 C:\xampp\htdocs\Cursophp\Cakephp\vendor\cakephp\cakephp\src\Controller\Controller.php(791): Cake\View\View->render('error500', NULL)
#22 C:\xampp\htdocs\Cursophp\Cakephp\vendor\cakephp\cakephp\src\Error\ExceptionRenderer.php(369): Cake\Controller\Controller->render('error500')
#23 C:\xampp\htdocs\Cursophp\Cakephp\vendor\cakephp\cakephp\src\Error\ExceptionRenderer.php(378): Cake\Error\ExceptionRenderer->_outputMessage('error500')
#24 C:\xampp\htdocs\Cursophp\Cakephp\vendor\cakephp\cakephp\src\Error\ExceptionRenderer.php(243): Cake\Error\ExceptionRenderer->_outputMessage('parseError')
#25 C:\xampp\htdocs\Cursophp\Cakephp\vendor\cakephp\cakephp\src\Error\Middleware\ErrorHandlerMiddleware.php(120): Cake\Error\ExceptionRenderer->render()
#26 C:\xampp\htdocs\Cursophp\Cakephp\vendor\cakephp\cakephp\src\Error\Middleware\ErrorHandlerMiddleware.php(102): Cake\Error\Middleware\ErrorHandlerMiddleware->handleException(Object(ParseError), Object(Cake\Http\ServerRequest), Object(Cake\Http\Response))
#27 C:\xampp\htdocs\Cursophp\Cakephp\vendor\cakephp\cakephp\src\Http\Runner.php(65): Cake\Error\Middleware\ErrorHandlerMiddleware->__invoke(Object(Cake\Http\ServerRequest), Object(Cake\Http\Response), Object(Cake\Http\Runner))
#28 C:\xampp\htdocs\Cursophp\Cakephp\vendor\cakephp\debug_kit\src\Middleware\DebugKitMiddleware.php(53): Cake\Http\Runner->__invoke(Object(Cake\Http\ServerRequest), Object(Cake\Http\Response))
#29 C:\xampp\htdocs\Cursophp\Cakephp\vendor\cakephp\cakephp\src\Http\Runner.php(65): DebugKit\Middleware\DebugKitMiddleware->__invoke(Object(Cake\Http\ServerRequest), Object(Cake\Http\Response), Object(Cake\Http\Runner))
#30 C:\xampp\htdocs\Cursophp\Cakephp\vendor\cakephp\cakephp\src\Http\Runner.php(51): Cake\Http\Runner->__invoke(Object(Cake\Http\ServerRequest), Object(Cake\Http\Response))
#31 C:\xampp\htdocs\Cursophp\Cakephp\vendor\cakephp\cakephp\src\Http\Server.php(97): Cake\Http\Runner->run(Object(Cake\Http\MiddlewareQueue), Object(Cake\Http\ServerRequest), Object(Cake\Http\Response))
#32 C:\xampp\htdocs\Cursophp\Cakephp\webroot\index.php(40): Cake\Http\Server->run()
#33 {main}
Request URL: /clientes/


2022-10-22 19:27:23 Error: [ParseError] syntax error, unexpected 'protected' (T_PROTECTED), expecting end of file (C:\xampp\htdocs\Cursophp\Cakephp\src\Model\Entity\Cliente.php:44)
#0 C:\xampp\htdocs\Cursophp\Cakephp\vendor\composer\ClassLoader.php(428): Composer\Autoload\includeFile('C:\\xampp\\htdocs...')
#1 [internal function]: Composer\Autoload\ClassLoader->loadClass('App\\Model\\Entit...')
#2 [internal function]: spl_autoload_call('App\\Model\\Entit...')
#3 C:\xampp\htdocs\Cursophp\Cakephp\vendor\cakephp\cakephp\src\ORM\Table.php(796): class_exists('App\\Model\\Entit...')
#4 C:\xampp\htdocs\Cursophp\Cakephp\vendor\cakephp\cakephp\src\ORM\Table.php(3119): Cake\ORM\Table->getEntityClass()
#5 C:\xampp\htdocs\Cursophp\Cakephp\vendor\cakephp\cakephp\src\Error\Debugger.php(608): Cake\ORM\Table->__debugInfo()
#6 C:\xampp\htdocs\Cursophp\Cakephp\vendor\cakephp\cakephp\src\Error\Debugger.php(532): Cake\Error\Debugger::_object(Object(App\Model\Table\ClientesTable), 1, 2)
#7 C:\xampp\htdocs\Cursophp\Cakephp\vendor\cakephp\cakephp\src\Error\Debugger.php(573): Cake\Error\Debugger::_export(Object(App\Model\Table\ClientesTable), 2, 1)
#8 C:\xampp\htdocs\Cursophp\Cakephp\vendor\cakephp\cakephp\src\Error\Debugger.php(608): Cake\Error\Debugger::_array(Array, 2, 1)
#9 C:\xampp\htdocs\Cursophp\Cakephp\vendor\cakephp\cakephp\src\Error\Debugger.php(532): Cake\Error\Debugger::_object(Object(Cake\ORM\Query), 3, 1)
#10 C:\xampp\htdocs\Cursophp\Cakephp\vendor\cakephp\cakephp\src\Error\Debugger.php(497): Cake\Error\Debugger::_export(Object(Cake\ORM\Query), 4, 0)
#11 C:\xampp\htdocs\Cursophp\Cakephp\vendor\cakephp\cakephp\src\Template\Element\exception_stack_trace.ctp(37): Cake\Error\Debugger::exportVar(Object(Cake\ORM\Query), 4)
#12 C:\xampp\htdocs\Cursophp\Cakephp\vendor\cakephp\cakephp\src\View\View.php(1435): include('C:\\xampp\\htdocs...')
#13 C:\xampp\htdocs\Cursophp\Cakephp\vendor\cakephp\cakephp\src\View\View.php(1393): Cake\View\View->_evaluate('C:\\xampp\\htdocs...', Array)
#14 C:\xampp\htdocs\Cursophp\Cakephp\vendor\cakephp\cakephp\src\View\View.php(1879): Cake\View\View->_render('C:\\xampp\\htdocs...', Array)
#15 C:\xampp\htdocs\Cursophp\Cakephp\vendor\cakephp\cakephp\src\View\View.php(783): Cake\View\View->_renderElement('C:\\xampp\\htdocs...', Array, Array)
#16 C:\xampp\htdocs\Cursophp\Cakephp\vendor\cakephp\cakephp\src\Template\Layout\dev_error.ctp(220): Cake\View\View->element('exception_stack...')
#17 C:\xampp\htdocs\Cursophp\Cakephp\vendor\cakephp\cakephp\src\View\View.php(1435): include('C:\\xampp\\htdocs...')
#18 C:\xampp\htdocs\Cursophp\Cakephp\vendor\cakephp\cakephp\src\View\View.php(1393): Cake\View\View->_evaluate('C:\\xampp\\htdocs...', Array)
#19 C:\xampp\htdocs\Cursophp\Cakephp\vendor\cakephp\cakephp\src\View\View.php(939): Cake\View\View->_render('C:\\xampp\\htdocs...')
#20 C:\xampp\htdocs\Cursophp\Cakephp\vendor\cakephp\cakephp\src\View\View.php(897): Cake\View\View->renderLayout('', 'dev_error')
#21 C:\xampp\htdocs\Cursophp\Cakephp\vendor\cakephp\cakephp\src\Controller\Controller.php(791): Cake\View\View->render('error500', NULL)
#22 C:\xampp\htdocs\Cursophp\Cakephp\vendor\cakephp\cakephp\src\Error\ExceptionRenderer.php(369): Cake\Controller\Controller->render('error500')
#23 C:\xampp\htdocs\Cursophp\Cakephp\vendor\cakephp\cakephp\src\Error\ExceptionRenderer.php(378): Cake\Error\ExceptionRenderer->_outputMessage('error500')
#24 C:\xampp\htdocs\Cursophp\Cakephp\vendor\cakephp\cakephp\src\Error\ExceptionRenderer.php(243): Cake\Error\ExceptionRenderer->_outputMessage('parseError')
#25 C:\xampp\htdocs\Cursophp\Cakephp\vendor\cakephp\cakephp\src\Error\Middleware\ErrorHandlerMiddleware.php(120): Cake\Error\ExceptionRenderer->render()
#26 C:\xampp\htdocs\Cursophp\Cakephp\vendor\cakephp\cakephp\src\Error\Middleware\ErrorHandlerMiddleware.php(102): Cake\Error\Middleware\ErrorHandlerMiddleware->handleException(Object(ParseError), Object(Cake\Http\ServerRequest), Object(Cake\Http\Response))
#27 C:\xampp\htdocs\Cursophp\Cakephp\vendor\cakephp\cakephp\src\Http\Runner.php(65): Cake\Error\Middleware\ErrorHandlerMiddleware->__invoke(Object(Cake\Http\ServerRequest), Object(Cake\Http\Response), Object(Cake\Http\Runner))
#28 C:\xampp\htdocs\Cursophp\Cakephp\vendor\cakephp\debug_kit\src\Middleware\DebugKitMiddleware.php(53): Cake\Http\Runner->__invoke(Object(Cake\Http\ServerRequest), Object(Cake\Http\Response))
#29 C:\xampp\htdocs\Cursophp\Cakephp\vendor\cakephp\cakephp\src\Http\Runner.php(65): DebugKit\Middleware\DebugKitMiddleware->__invoke(Object(Cake\Http\ServerRequest), Object(Cake\Http\Response), Object(Cake\Http\Runner))
#30 C:\xampp\htdocs\Cursophp\Cakephp\vendor\cakephp\cakephp\src\Http\Runner.php(51): Cake\Http\Runner->__invoke(Object(Cake\Http\ServerRequest), Object(Cake\Http\Response))
#31 C:\xampp\htdocs\Cursophp\Cakephp\vendor\cakephp\cakephp\src\Http\Server.php(97): Cake\Http\Runner->run(Object(Cake\Http\MiddlewareQueue), Object(Cake\Http\ServerRequest), Object(Cake\Http\Response))
#32 C:\xampp\htdocs\Cursophp\Cakephp\webroot\index.php(40): Cake\Http\Server->run()
#33 {main}
Request URL: /clientes/


2022-10-22 19:27:23 Error: [ParseError] syntax error, unexpected 'protected' (T_PROTECTED), expecting end of file (C:\xampp\htdocs\Cursophp\Cakephp\src\Model\Entity\Cliente.php:44)
#0 C:\xampp\htdocs\Cursophp\Cakephp\vendor\composer\ClassLoader.php(428): Composer\Autoload\includeFile('C:\\xampp\\htdocs...')
#1 [internal function]: Composer\Autoload\ClassLoader->loadClass('App\\Model\\Entit...')
#2 [internal function]: spl_autoload_call('App\\Model\\Entit...')
#3 C:\xampp\htdocs\Cursophp\Cakephp\vendor\cakephp\cakephp\src\ORM\Table.php(796): class_exists('App\\Model\\Entit...')
#4 C:\xampp\htdocs\Cursophp\Cakephp\vendor\cakephp\cakephp\src\ORM\Table.php(3119): Cake\ORM\Table->getEntityClass()
#5 C:\xampp\htdocs\Cursophp\Cakephp\vendor\cakephp\cakephp\src\Error\Debugger.php(608): Cake\ORM\Table->__debugInfo()
#6 C:\xampp\htdocs\Cursophp\Cakephp\vendor\cakephp\cakephp\src\Error\Debugger.php(532): Cake\Error\Debugger::_object(Object(App\Model\Table\ClientesTable), 1, 2)
#7 C:\xampp\htdocs\Cursophp\Cakephp\vendor\cakephp\cakephp\src\Error\Debugger.php(573): Cake\Error\Debugger::_export(Object(App\Model\Table\ClientesTable), 2, 1)
#8 C:\xampp\htdocs\Cursophp\Cakephp\vendor\cakephp\cakephp\src\Error\Debugger.php(608): Cake\Error\Debugger::_array(Array, 2, 1)
#9 C:\xampp\htdocs\Cursophp\Cakephp\vendor\cakephp\cakephp\src\Error\Debugger.php(532): Cake\Error\Debugger::_object(Object(Cake\ORM\Query), 3, 1)
#10 C:\xampp\htdocs\Cursophp\Cakephp\vendor\cakephp\cakephp\src\Error\Debugger.php(497): Cake\Error\Debugger::_export(Object(Cake\ORM\Query), 4, 0)
#11 C:\xampp\htdocs\Cursophp\Cakephp\vendor\cakephp\cakephp\src\Template\Element\exception_stack_trace.ctp(37): Cake\Error\Debugger::exportVar(Object(Cake\ORM\Query), 4)
#12 C:\xampp\htdocs\Cursophp\Cakephp\vendor\cakephp\cakephp\src\View\View.php(1435): include('C:\\xampp\\htdocs...')
#13 C:\xampp\htdocs\Cursophp\Cakephp\vendor\cakephp\cakephp\src\View\View.php(1393): Cake\View\View->_evaluate('C:\\xampp\\htdocs...', Array)
#14 C:\xampp\htdocs\Cursophp\Cakephp\vendor\cakephp\cakephp\src\View\View.php(1879): Cake\View\View->_render('C:\\xampp\\htdocs...', Array)
#15 C:\xampp\htdocs\Cursophp\Cakephp\vendor\cakephp\cakephp\src\View\View.php(783): Cake\View\View->_renderElement('C:\\xampp\\htdocs...', Array, Array)
#16 C:\xampp\htdocs\Cursophp\Cakephp\vendor\cakephp\cakephp\src\Template\Layout\dev_error.ctp(220): Cake\View\View->element('exception_stack...')
#17 C:\xampp\htdocs\Cursophp\Cakephp\vendor\cakephp\cakephp\src\View\View.php(1435): include('C:\\xampp\\htdocs...')
#18 C:\xampp\htdocs\Cursophp\Cakephp\vendor\cakephp\cakephp\src\View\View.php(1393): Cake\View\View->_evaluate('C:\\xampp\\htdocs...', Array)
#19 C:\xampp\htdocs\Cursophp\Cakephp\vendor\cakephp\cakephp\src\View\View.php(939): Cake\View\View->_render('C:\\xampp\\htdocs...')
#20 C:\xampp\htdocs\Cursophp\Cakephp\vendor\cakephp\cakephp\src\View\View.php(897): Cake\View\View->renderLayout('', 'dev_error')
#21 C:\xampp\htdocs\Cursophp\Cakephp\vendor\cakephp\cakephp\src\Controller\Controller.php(791): Cake\View\View->render('error500', NULL)
#22 C:\xampp\htdocs\Cursophp\Cakephp\vendor\cakephp\cakephp\src\Error\ExceptionRenderer.php(369): Cake\Controller\Controller->render('error500')
#23 C:\xampp\htdocs\Cursophp\Cakephp\vendor\cakephp\cakephp\src\Error\ExceptionRenderer.php(378): Cake\Error\ExceptionRenderer->_outputMessage('error500')
#24 C:\xampp\htdocs\Cursophp\Cakephp\vendor\cakephp\cakephp\src\Error\ExceptionRenderer.php(243): Cake\Error\ExceptionRenderer->_outputMessage('parseError')
#25 C:\xampp\htdocs\Cursophp\Cakephp\vendor\cakephp\cakephp\src\Error\Middleware\ErrorHandlerMiddleware.php(120): Cake\Error\ExceptionRenderer->render()
#26 C:\xampp\htdocs\Cursophp\Cakephp\vendor\cakephp\cakephp\src\Error\Middleware\ErrorHandlerMiddleware.php(102): Cake\Error\Middleware\ErrorHandlerMiddleware->handleException(Object(ParseError), Object(Cake\Http\ServerRequest), Object(Cake\Http\Response))
#27 C:\xampp\htdocs\Cursophp\Cakephp\vendor\cakephp\cakephp\src\Http\Runner.php(65): Cake\Error\Middleware\ErrorHandlerMiddleware->__invoke(Object(Cake\Http\ServerRequest), Object(Cake\Http\Response), Object(Cake\Http\Runner))
#28 C:\xampp\htdocs\Cursophp\Cakephp\vendor\cakephp\debug_kit\src\Middleware\DebugKitMiddleware.php(53): Cake\Http\Runner->__invoke(Object(Cake\Http\ServerRequest), Object(Cake\Http\Response))
#29 C:\xampp\htdocs\Cursophp\Cakephp\vendor\cakephp\cakephp\src\Http\Runner.php(65): DebugKit\Middleware\DebugKitMiddleware->__invoke(Object(Cake\Http\ServerRequest), Object(Cake\Http\Response), Object(Cake\Http\Runner))
#30 C:\xampp\htdocs\Cursophp\Cakephp\vendor\cakephp\cakephp\src\Http\Runner.php(51): Cake\Http\Runner->__invoke(Object(Cake\Http\ServerRequest), Object(Cake\Http\Response))
#31 C:\xampp\htdocs\Cursophp\Cakephp\vendor\cakephp\cakephp\src\Http\Server.php(97): Cake\Http\Runner->run(Object(Cake\Http\MiddlewareQueue), Object(Cake\Http\ServerRequest), Object(Cake\Http\Response))
#32 C:\xampp\htdocs\Cursophp\Cakephp\webroot\index.php(40): Cake\Http\Server->run()
#33 {main}
Request URL: /clientes/


2022-10-22 19:27:24 Error: [ParseError] syntax error, unexpected 'protected' (T_PROTECTED), expecting end of file (C:\xampp\htdocs\Cursophp\Cakephp\src\Model\Entity\Cliente.php:44)
#0 C:\xampp\htdocs\Cursophp\Cakephp\vendor\composer\ClassLoader.php(428): Composer\Autoload\includeFile('C:\\xampp\\htdocs...')
#1 [internal function]: Composer\Autoload\ClassLoader->loadClass('App\\Model\\Entit...')
#2 [internal function]: spl_autoload_call('App\\Model\\Entit...')
#3 C:\xampp\htdocs\Cursophp\Cakephp\vendor\cakephp\cakephp\src\ORM\Table.php(796): class_exists('App\\Model\\Entit...')
#4 C:\xampp\htdocs\Cursophp\Cakephp\vendor\cakephp\cakephp\src\ORM\Table.php(3119): Cake\ORM\Table->getEntityClass()
#5 C:\xampp\htdocs\Cursophp\Cakephp\vendor\cakephp\cakephp\src\Error\Debugger.php(608): Cake\ORM\Table->__debugInfo()
#6 C:\xampp\htdocs\Cursophp\Cakephp\vendor\cakephp\cakephp\src\Error\Debugger.php(532): Cake\Error\Debugger::_object(Object(App\Model\Table\ClientesTable), 1, 2)
#7 C:\xampp\htdocs\Cursophp\Cakephp\vendor\cakephp\cakephp\src\Error\Debugger.php(573): Cake\Error\Debugger::_export(Object(App\Model\Table\ClientesTable), 2, 1)
#8 C:\xampp\htdocs\Cursophp\Cakephp\vendor\cakephp\cakephp\src\Error\Debugger.php(608): Cake\Error\Debugger::_array(Array, 2, 1)
#9 C:\xampp\htdocs\Cursophp\Cakephp\vendor\cakephp\cakephp\src\Error\Debugger.php(532): Cake\Error\Debugger::_object(Object(Cake\ORM\Query), 3, 1)
#10 C:\xampp\htdocs\Cursophp\Cakephp\vendor\cakephp\cakephp\src\Error\Debugger.php(497): Cake\Error\Debugger::_export(Object(Cake\ORM\Query), 4, 0)
#11 C:\xampp\htdocs\Cursophp\Cakephp\vendor\cakephp\cakephp\src\Template\Element\exception_stack_trace.ctp(37): Cake\Error\Debugger::exportVar(Object(Cake\ORM\Query), 4)
#12 C:\xampp\htdocs\Cursophp\Cakephp\vendor\cakephp\cakephp\src\View\View.php(1435): include('C:\\xampp\\htdocs...')
#13 C:\xampp\htdocs\Cursophp\Cakephp\vendor\cakephp\cakephp\src\View\View.php(1393): Cake\View\View->_evaluate('C:\\xampp\\htdocs...', Array)
#14 C:\xampp\htdocs\Cursophp\Cakephp\vendor\cakephp\cakephp\src\View\View.php(1879): Cake\View\View->_render('C:\\xampp\\htdocs...', Array)
#15 C:\xampp\htdocs\Cursophp\Cakephp\vendor\cakephp\cakephp\src\View\View.php(783): Cake\View\View->_renderElement('C:\\xampp\\htdocs...', Array, Array)
#16 C:\xampp\htdocs\Cursophp\Cakephp\vendor\cakephp\cakephp\src\Template\Layout\dev_error.ctp(220): Cake\View\View->element('exception_stack...')
#17 C:\xampp\htdocs\Cursophp\Cakephp\vendor\cakephp\cakephp\src\View\View.php(1435): include('C:\\xampp\\htdocs...')
#18 C:\xampp\htdocs\Cursophp\Cakephp\vendor\cakephp\cakephp\src\View\View.php(1393): Cake\View\View->_evaluate('C:\\xampp\\htdocs...', Array)
#19 C:\xampp\htdocs\Cursophp\Cakephp\vendor\cakephp\cakephp\src\View\View.php(939): Cake\View\View->_render('C:\\xampp\\htdocs...')
#20 C:\xampp\htdocs\Cursophp\Cakephp\vendor\cakephp\cakephp\src\View\View.php(897): Cake\View\View->renderLayout('', 'dev_error')
#21 C:\xampp\htdocs\Cursophp\Cakephp\vendor\cakephp\cakephp\src\Controller\Controller.php(791): Cake\View\View->render('error500', NULL)
#22 C:\xampp\htdocs\Cursophp\Cakephp\vendor\cakephp\cakephp\src\Error\ExceptionRenderer.php(369): Cake\Controller\Controller->render('error500')
#23 C:\xampp\htdocs\Cursophp\Cakephp\vendor\cakephp\cakephp\src\Error\ExceptionRenderer.php(378): Cake\Error\ExceptionRenderer->_outputMessage('error500')
#24 C:\xampp\htdocs\Cursophp\Cakephp\vendor\cakephp\cakephp\src\Error\ExceptionRenderer.php(243): Cake\Error\ExceptionRenderer->_outputMessage('parseError')
#25 C:\xampp\htdocs\Cursophp\Cakephp\vendor\cakephp\cakephp\src\Error\Middleware\ErrorHandlerMiddleware.php(120): Cake\Error\ExceptionRenderer->render()
#26 C:\xampp\htdocs\Cursophp\Cakephp\vendor\cakephp\cakephp\src\Error\Middleware\ErrorHandlerMiddleware.php(102): Cake\Error\Middleware\ErrorHandlerMiddleware->handleException(Object(ParseError), Object(Cake\Http\ServerRequest), Object(Cake\Http\Response))
#27 C:\xampp\htdocs\Cursophp\Cakephp\vendor\cakephp\cakephp\src\Http\Runner.php(65): Cake\Error\Middleware\ErrorHandlerMiddleware->__invoke(Object(Cake\Http\ServerRequest), Object(Cake\Http\Response), Object(Cake\Http\Runner))
#28 C:\xampp\htdocs\Cursophp\Cakephp\vendor\cakephp\debug_kit\src\Middleware\DebugKitMiddleware.php(53): Cake\Http\Runner->__invoke(Object(Cake\Http\ServerRequest), Object(Cake\Http\Response))
#29 C:\xampp\htdocs\Cursophp\Cakephp\vendor\cakephp\cakephp\src\Http\Runner.php(65): DebugKit\Middleware\DebugKitMiddleware->__invoke(Object(Cake\Http\ServerRequest), Object(Cake\Http\Response), Object(Cake\Http\Runner))
#30 C:\xampp\htdocs\Cursophp\Cakephp\vendor\cakephp\cakephp\src\Http\Runner.php(51): Cake\Http\Runner->__invoke(Object(Cake\Http\ServerRequest), Object(Cake\Http\Response))
#31 C:\xampp\htdocs\Cursophp\Cakephp\vendor\cakephp\cakephp\src\Http\Server.php(97): Cake\Http\Runner->run(Object(Cake\Http\MiddlewareQueue), Object(Cake\Http\ServerRequest), Object(Cake\Http\Response))
#32 C:\xampp\htdocs\Cursophp\Cakephp\webroot\index.php(40): Cake\Http\Server->run()
#33 {main}
Request URL: /clientes/


2022-10-22 19:27:24 Error: [ParseError] syntax error, unexpected 'protected' (T_PROTECTED), expecting end of file (C:\xampp\htdocs\Cursophp\Cakephp\src\Model\Entity\Cliente.php:44)
#0 C:\xampp\htdocs\Cursophp\Cakephp\vendor\composer\ClassLoader.php(428): Composer\Autoload\includeFile('C:\\xampp\\htdocs...')
#1 [internal function]: Composer\Autoload\ClassLoader->loadClass('App\\Model\\Entit...')
#2 [internal function]: spl_autoload_call('App\\Model\\Entit...')
#3 C:\xampp\htdocs\Cursophp\Cakephp\vendor\cakephp\cakephp\src\ORM\Table.php(796): class_exists('App\\Model\\Entit...')
#4 C:\xampp\htdocs\Cursophp\Cakephp\vendor\cakephp\cakephp\src\ORM\Table.php(3119): Cake\ORM\Table->getEntityClass()
#5 C:\xampp\htdocs\Cursophp\Cakephp\vendor\cakephp\cakephp\src\Error\Debugger.php(608): Cake\ORM\Table->__debugInfo()
#6 C:\xampp\htdocs\Cursophp\Cakephp\vendor\cakephp\cakephp\src\Error\Debugger.php(532): Cake\Error\Debugger::_object(Object(App\Model\Table\ClientesTable), 1, 2)
#7 C:\xampp\htdocs\Cursophp\Cakephp\vendor\cakephp\cakephp\src\Error\Debugger.php(573): Cake\Error\Debugger::_export(Object(App\Model\Table\ClientesTable), 2, 1)
#8 C:\xampp\htdocs\Cursophp\Cakephp\vendor\cakephp\cakephp\src\Error\Debugger.php(608): Cake\Error\Debugger::_array(Array, 2, 1)
#9 C:\xampp\htdocs\Cursophp\Cakephp\vendor\cakephp\cakephp\src\Error\Debugger.php(532): Cake\Error\Debugger::_object(Object(Cake\ORM\Query), 3, 1)
#10 C:\xampp\htdocs\Cursophp\Cakephp\vendor\cakephp\cakephp\src\Error\Debugger.php(497): Cake\Error\Debugger::_export(Object(Cake\ORM\Query), 4, 0)
#11 C:\xampp\htdocs\Cursophp\Cakephp\vendor\cakephp\cakephp\src\Template\Element\exception_stack_trace.ctp(37): Cake\Error\Debugger::exportVar(Object(Cake\ORM\Query), 4)
#12 C:\xampp\htdocs\Cursophp\Cakephp\vendor\cakephp\cakephp\src\View\View.php(1435): include('C:\\xampp\\htdocs...')
#13 C:\xampp\htdocs\Cursophp\Cakephp\vendor\cakephp\cakephp\src\View\View.php(1393): Cake\View\View->_evaluate('C:\\xampp\\htdocs...', Array)
#14 C:\xampp\htdocs\Cursophp\Cakephp\vendor\cakephp\cakephp\src\View\View.php(1879): Cake\View\View->_render('C:\\xampp\\htdocs...', Array)
#15 C:\xampp\htdocs\Cursophp\Cakephp\vendor\cakephp\cakephp\src\View\View.php(783): Cake\View\View->_renderElement('C:\\xampp\\htdocs...', Array, Array)
#16 C:\xampp\htdocs\Cursophp\Cakephp\vendor\cakephp\cakephp\src\Template\Layout\dev_error.ctp(220): Cake\View\View->element('exception_stack...')
#17 C:\xampp\htdocs\Cursophp\Cakephp\vendor\cakephp\cakephp\src\View\View.php(1435): include('C:\\xampp\\htdocs...')
#18 C:\xampp\htdocs\Cursophp\Cakephp\vendor\cakephp\cakephp\src\View\View.php(1393): Cake\View\View->_evaluate('C:\\xampp\\htdocs...', Array)
#19 C:\xampp\htdocs\Cursophp\Cakephp\vendor\cakephp\cakephp\src\View\View.php(939): Cake\View\View->_render('C:\\xampp\\htdocs...')
#20 C:\xampp\htdocs\Cursophp\Cakephp\vendor\cakephp\cakephp\src\View\View.php(897): Cake\View\View->renderLayout('', 'dev_error')
#21 C:\xampp\htdocs\Cursophp\Cakephp\vendor\cakephp\cakephp\src\Controller\Controller.php(791): Cake\View\View->render('error500', NULL)
#22 C:\xampp\htdocs\Cursophp\Cakephp\vendor\cakephp\cakephp\src\Error\ExceptionRenderer.php(369): Cake\Controller\Controller->render('error500')
#23 C:\xampp\htdocs\Cursophp\Cakephp\vendor\cakephp\cakephp\src\Error\ExceptionRenderer.php(378): Cake\Error\ExceptionRenderer->_outputMessage('error500')
#24 C:\xampp\htdocs\Cursophp\Cakephp\vendor\cakephp\cakephp\src\Error\ExceptionRenderer.php(243): Cake\Error\ExceptionRenderer->_outputMessage('parseError')
#25 C:\xampp\htdocs\Cursophp\Cakephp\vendor\cakephp\cakephp\src\Error\Middleware\ErrorHandlerMiddleware.php(120): Cake\Error\ExceptionRenderer->render()
#26 C:\xampp\htdocs\Cursophp\Cakephp\vendor\cakephp\cakephp\src\Error\Middleware\ErrorHandlerMiddleware.php(102): Cake\Error\Middleware\ErrorHandlerMiddleware->handleException(Object(ParseError), Object(Cake\Http\ServerRequest), Object(Cake\Http\Response))
#27 C:\xampp\htdocs\Cursophp\Cakephp\vendor\cakephp\cakephp\src\Http\Runner.php(65): Cake\Error\Middleware\ErrorHandlerMiddleware->__invoke(Object(Cake\Http\ServerRequest), Object(Cake\Http\Response), Object(Cake\Http\Runner))
#28 C:\xampp\htdocs\Cursophp\Cakephp\vendor\cakephp\debug_kit\src\Middleware\DebugKitMiddleware.php(53): Cake\Http\Runner->__invoke(Object(Cake\Http\ServerRequest), Object(Cake\Http\Response))
#29 C:\xampp\htdocs\Cursophp\Cakephp\vendor\cakephp\cakephp\src\Http\Runner.php(65): DebugKit\Middleware\DebugKitMiddleware->__invoke(Object(Cake\Http\ServerRequest), Object(Cake\Http\Response), Object(Cake\Http\Runner))
#30 C:\xampp\htdocs\Cursophp\Cakephp\vendor\cakephp\cakephp\src\Http\Runner.php(51): Cake\Http\Runner->__invoke(Object(Cake\Http\ServerRequest), Object(Cake\Http\Response))
#31 C:\xampp\htdocs\Cursophp\Cakephp\vendor\cakephp\cakephp\src\Http\Server.php(97): Cake\Http\Runner->run(Object(Cake\Http\MiddlewareQueue), Object(Cake\Http\ServerRequest), Object(Cake\Http\Response))
#32 C:\xampp\htdocs\Cursophp\Cakephp\webroot\index.php(40): Cake\Http\Server->run()
#33 {main}
Request URL: /clientes/


2022-10-22 19:27:31 Error: [ParseError] syntax error, unexpected 'protected' (T_PROTECTED), expecting end of file (C:\xampp\htdocs\Cursophp\Cakephp\src\Model\Entity\Cliente.php:44)
#0 C:\xampp\htdocs\Cursophp\Cakephp\vendor\composer\ClassLoader.php(428): Composer\Autoload\includeFile('C:\\xampp\\htdocs...')
#1 [internal function]: Composer\Autoload\ClassLoader->loadClass('App\\Model\\Entit...')
#2 [internal function]: spl_autoload_call('App\\Model\\Entit...')
#3 C:\xampp\htdocs\Cursophp\Cakephp\vendor\cakephp\cakephp\src\ORM\Table.php(796): class_exists('App\\Model\\Entit...')
#4 C:\xampp\htdocs\Cursophp\Cakephp\vendor\cakephp\cakephp\src\ORM\Table.php(3119): Cake\ORM\Table->getEntityClass()
#5 C:\xampp\htdocs\Cursophp\Cakephp\vendor\cakephp\cakephp\src\Error\Debugger.php(608): Cake\ORM\Table->__debugInfo()
#6 C:\xampp\htdocs\Cursophp\Cakephp\vendor\cakephp\cakephp\src\Error\Debugger.php(532): Cake\Error\Debugger::_object(Object(App\Model\Table\ClientesTable), 1, 2)
#7 C:\xampp\htdocs\Cursophp\Cakephp\vendor\cakephp\cakephp\src\Error\Debugger.php(573): Cake\Error\Debugger::_export(Object(App\Model\Table\ClientesTable), 2, 1)
#8 C:\xampp\htdocs\Cursophp\Cakephp\vendor\cakephp\cakephp\src\Error\Debugger.php(608): Cake\Error\Debugger::_array(Array, 2, 1)
#9 C:\xampp\htdocs\Cursophp\Cakephp\vendor\cakephp\cakephp\src\Error\Debugger.php(532): Cake\Error\Debugger::_object(Object(Cake\ORM\Query), 3, 1)
#10 C:\xampp\htdocs\Cursophp\Cakephp\vendor\cakephp\cakephp\src\Error\Debugger.php(497): Cake\Error\Debugger::_export(Object(Cake\ORM\Query), 4, 0)
#11 C:\xampp\htdocs\Cursophp\Cakephp\vendor\cakephp\cakephp\src\Template\Element\exception_stack_trace.ctp(37): Cake\Error\Debugger::exportVar(Object(Cake\ORM\Query), 4)
#12 C:\xampp\htdocs\Cursophp\Cakephp\vendor\cakephp\cakephp\src\View\View.php(1435): include('C:\\xampp\\htdocs...')
#13 C:\xampp\htdocs\Cursophp\Cakephp\vendor\cakephp\cakephp\src\View\View.php(1393): Cake\View\View->_evaluate('C:\\xampp\\htdocs...', Array)
#14 C:\xampp\htdocs\Cursophp\Cakephp\vendor\cakephp\cakephp\src\View\View.php(1879): Cake\View\View->_render('C:\\xampp\\htdocs...', Array)
#15 C:\xampp\htdocs\Cursophp\Cakephp\vendor\cakephp\cakephp\src\View\View.php(783): Cake\View\View->_renderElement('C:\\xampp\\htdocs...', Array, Array)
#16 C:\xampp\htdocs\Cursophp\Cakephp\vendor\cakephp\cakephp\src\Template\Layout\dev_error.ctp(220): Cake\View\View->element('exception_stack...')
#17 C:\xampp\htdocs\Cursophp\Cakephp\vendor\cakephp\cakephp\src\View\View.php(1435): include('C:\\xampp\\htdocs...')
#18 C:\xampp\htdocs\Cursophp\Cakephp\vendor\cakephp\cakephp\src\View\View.php(1393): Cake\View\View->_evaluate('C:\\xampp\\htdocs...', Array)
#19 C:\xampp\htdocs\Cursophp\Cakephp\vendor\cakephp\cakephp\src\View\View.php(939): Cake\View\View->_render('C:\\xampp\\htdocs...')
#20 C:\xampp\htdocs\Cursophp\Cakephp\vendor\cakephp\cakephp\src\View\View.php(897): Cake\View\View->renderLayout('', 'dev_error')
#21 C:\xampp\htdocs\Cursophp\Cakephp\vendor\cakephp\cakephp\src\Controller\Controller.php(791): Cake\View\View->render('error500', NULL)
#22 C:\xampp\htdocs\Cursophp\Cakephp\vendor\cakephp\cakephp\src\Error\ExceptionRenderer.php(369): Cake\Controller\Controller->render('error500')
#23 C:\xampp\htdocs\Cursophp\Cakephp\vendor\cakephp\cakephp\src\Error\ExceptionRenderer.php(378): Cake\Error\ExceptionRenderer->_outputMessage('error500')
#24 C:\xampp\htdocs\Cursophp\Cakephp\vendor\cakephp\cakephp\src\Error\ExceptionRenderer.php(243): Cake\Error\ExceptionRenderer->_outputMessage('parseError')
#25 C:\xampp\htdocs\Cursophp\Cakephp\vendor\cakephp\cakephp\src\Error\Middleware\ErrorHandlerMiddleware.php(120): Cake\Error\ExceptionRenderer->render()
#26 C:\xampp\htdocs\Cursophp\Cakephp\vendor\cakephp\cakephp\src\Error\Middleware\ErrorHandlerMiddleware.php(102): Cake\Error\Middleware\ErrorHandlerMiddleware->handleException(Object(ParseError), Object(Cake\Http\ServerRequest), Object(Cake\Http\Response))
#27 C:\xampp\htdocs\Cursophp\Cakephp\vendor\cakephp\cakephp\src\Http\Runner.php(65): Cake\Error\Middleware\ErrorHandlerMiddleware->__invoke(Object(Cake\Http\ServerRequest), Object(Cake\Http\Response), Object(Cake\Http\Runner))
#28 C:\xampp\htdocs\Cursophp\Cakephp\vendor\cakephp\debug_kit\src\Middleware\DebugKitMiddleware.php(53): Cake\Http\Runner->__invoke(Object(Cake\Http\ServerRequest), Object(Cake\Http\Response))
#29 C:\xampp\htdocs\Cursophp\Cakephp\vendor\cakephp\cakephp\src\Http\Runner.php(65): DebugKit\Middleware\DebugKitMiddleware->__invoke(Object(Cake\Http\ServerRequest), Object(Cake\Http\Response), Object(Cake\Http\Runner))
#30 C:\xampp\htdocs\Cursophp\Cakephp\vendor\cakephp\cakephp\src\Http\Runner.php(51): Cake\Http\Runner->__invoke(Object(Cake\Http\ServerRequest), Object(Cake\Http\Response))
#31 C:\xampp\htdocs\Cursophp\Cakephp\vendor\cakephp\cakephp\src\Http\Server.php(97): Cake\Http\Runner->run(Object(Cake\Http\MiddlewareQueue), Object(Cake\Http\ServerRequest), Object(Cake\Http\Response))
#32 C:\xampp\htdocs\Cursophp\Cakephp\webroot\index.php(40): Cake\Http\Server->run()
#33 {main}
Request URL: /clientes


2022-10-22 19:29:09 Error: [Error] Class 'App\Model\Entity\DefaultPasswordHasher' not found (C:\xampp\htdocs\Cursophp\Cakephp\src\Model\Entity\Cliente.php:46)
#0 C:\xampp\htdocs\Cursophp\Cakephp\vendor\cakephp\cakephp\src\Datasource\EntityTrait.php(264): App\Model\Entity\Cliente->_setPassword('123456789')
#1 C:\xampp\htdocs\Cursophp\Cakephp\vendor\cakephp\cakephp\src\ORM\Marshaller.php(617): Cake\ORM\Entity->set(Array)
#2 C:\xampp\htdocs\Cursophp\Cakephp\vendor\cakephp\cakephp\src\ORM\Table.php(2883): Cake\ORM\Marshaller->merge(Object(App\Model\Entity\Cliente), Array, Array)
#3 C:\xampp\htdocs\Cursophp\Cakephp\src\Controller\ClientesController.php(52): Cake\ORM\Table->patchEntity(Object(App\Model\Entity\Cliente), Array)
#4 C:\xampp\htdocs\Cursophp\Cakephp\vendor\cakephp\cakephp\src\Controller\Controller.php(606): App\Controller\ClientesController->add()
#5 C:\xampp\htdocs\Cursophp\Cakephp\vendor\cakephp\cakephp\src\Http\ActionDispatcher.php(120): Cake\Controller\Controller->invokeAction()
#6 C:\xampp\htdocs\Cursophp\Cakephp\vendor\cakephp\cakephp\src\Http\ActionDispatcher.php(94): Cake\Http\ActionDispatcher->_invoke(Object(App\Controller\ClientesController))
#7 C:\xampp\htdocs\Cursophp\Cakephp\vendor\cakephp\cakephp\src\Http\BaseApplication.php(256): Cake\Http\ActionDispatcher->dispatch(Object(Cake\Http\ServerRequest), Object(Cake\Http\Response))
#8 C:\xampp\htdocs\Cursophp\Cakephp\vendor\cakephp\cakephp\src\Http\Runner.php(65): Cake\Http\BaseApplication->__invoke(Object(Cake\Http\ServerRequest), Object(Cake\Http\Response), Object(Cake\Http\Runner))
#9 C:\xampp\htdocs\Cursophp\Cakephp\vendor\cakephp\cakephp\src\Http\Runner.php(65): Cake\Http\Runner->__invoke(Object(Cake\Http\ServerRequest), Object(Cake\Http\Response), Object(Cake\Http\Runner))
#10 C:\xampp\htdocs\Cursophp\Cakephp\vendor\cakephp\cakephp\src\Http\Middleware\CsrfProtectionMiddleware.php(137): Cake\Http\Runner->__invoke(Object(Cake\Http\ServerRequest), Object(Cake\Http\Response))
#11 C:\xampp\htdocs\Cursophp\Cakephp\vendor\cakephp\cakephp\src\Http\Runner.php(65): Cake\Http\Middleware\CsrfProtectionMiddleware->__invoke(Object(Cake\Http\ServerRequest), Object(Cake\Http\Response), Object(Cake\Http\Runner))
#12 C:\xampp\htdocs\Cursophp\Cakephp\vendor\cakephp\cakephp\src\Http\Runner.php(51): Cake\Http\Runner->__invoke(Object(Cake\Http\ServerRequest), Object(Cake\Http\Response))
#13 C:\xampp\htdocs\Cursophp\Cakephp\vendor\cakephp\cakephp\src\Routing\Middleware\RoutingMiddleware.php(170): Cake\Http\Runner->run(Object(Cake\Http\MiddlewareQueue), Object(Cake\Http\ServerRequest), Object(Cake\Http\Response))
#14 C:\xampp\htdocs\Cursophp\Cakephp\vendor\cakephp\cakephp\src\Http\Runner.php(65): Cake\Routing\Middleware\RoutingMiddleware->__invoke(Object(Cake\Http\ServerRequest), Object(Cake\Http\Response), Object(Cake\Http\Runner))
#15 C:\xampp\htdocs\Cursophp\Cakephp\vendor\cakephp\cakephp\src\Routing\Middleware\AssetMiddleware.php(88): Cake\Http\Runner->__invoke(Object(Cake\Http\ServerRequest), Object(Cake\Http\Response))
#16 C:\xampp\htdocs\Cursophp\Cakephp\vendor\cakephp\cakephp\src\Http\Runner.php(65): Cake\Routing\Middleware\AssetMiddleware->__invoke(Object(Cake\Http\ServerRequest), Object(Cake\Http\Response), Object(Cake\Http\Runner))
#17 C:\xampp\htdocs\Cursophp\Cakephp\vendor\cakephp\cakephp\src\Error\Middleware\ErrorHandlerMiddleware.php(100): Cake\Http\Runner->__invoke(Object(Cake\Http\ServerRequest), Object(Cake\Http\Response))
#18 C:\xampp\htdocs\Cursophp\Cakephp\vendor\cakephp\cakephp\src\Http\Runner.php(65): Cake\Error\Middleware\ErrorHandlerMiddleware->__invoke(Object(Cake\Http\ServerRequest), Object(Cake\Http\Response), Object(Cake\Http\Runner))
#19 C:\xampp\htdocs\Cursophp\Cakephp\vendor\cakephp\debug_kit\src\Middleware\DebugKitMiddleware.php(53): Cake\Http\Runner->__invoke(Object(Cake\Http\ServerRequest), Object(Cake\Http\Response))
#20 C:\xampp\htdocs\Cursophp\Cakephp\vendor\cakephp\cakephp\src\Http\Runner.php(65): DebugKit\Middleware\DebugKitMiddleware->__invoke(Object(Cake\Http\ServerRequest), Object(Cake\Http\Response), Object(Cake\Http\Runner))
#21 C:\xampp\htdocs\Cursophp\Cakephp\vendor\cakephp\cakephp\src\Http\Runner.php(51): Cake\Http\Runner->__invoke(Object(Cake\Http\ServerRequest), Object(Cake\Http\Response))
#22 C:\xampp\htdocs\Cursophp\Cakephp\vendor\cakephp\cakephp\src\Http\Server.php(97): Cake\Http\Runner->run(Object(Cake\Http\MiddlewareQueue), Object(Cake\Http\ServerRequest), Object(Cake\Http\Response))
#23 C:\xampp\htdocs\Cursophp\Cakephp\webroot\index.php(40): Cake\Http\Server->run()
#24 {main}
Request URL: /clientes/add
Referer URL: http://localhost/Cursophp/Cakephp/clientes/add


2022-10-22 19:29:16 Error: [Error] Class 'App\Model\Entity\DefaultPasswordHasher' not found (C:\xampp\htdocs\Cursophp\Cakephp\src\Model\Entity\Cliente.php:46)
#0 C:\xampp\htdocs\Cursophp\Cakephp\vendor\cakephp\cakephp\src\Datasource\EntityTrait.php(264): App\Model\Entity\Cliente->_setPassword('123456789')
#1 C:\xampp\htdocs\Cursophp\Cakephp\vendor\cakephp\cakephp\src\ORM\Marshaller.php(617): Cake\ORM\Entity->set(Array)
#2 C:\xampp\htdocs\Cursophp\Cakephp\vendor\cakephp\cakephp\src\ORM\Table.php(2883): Cake\ORM\Marshaller->merge(Object(App\Model\Entity\Cliente), Array, Array)
#3 C:\xampp\htdocs\Cursophp\Cakephp\src\Controller\ClientesController.php(52): Cake\ORM\Table->patchEntity(Object(App\Model\Entity\Cliente), Array)
#4 C:\xampp\htdocs\Cursophp\Cakephp\vendor\cakephp\cakephp\src\Controller\Controller.php(606): App\Controller\ClientesController->add()
#5 C:\xampp\htdocs\Cursophp\Cakephp\vendor\cakephp\cakephp\src\Http\ActionDispatcher.php(120): Cake\Controller\Controller->invokeAction()
#6 C:\xampp\htdocs\Cursophp\Cakephp\vendor\cakephp\cakephp\src\Http\ActionDispatcher.php(94): Cake\Http\ActionDispatcher->_invoke(Object(App\Controller\ClientesController))
#7 C:\xampp\htdocs\Cursophp\Cakephp\vendor\cakephp\cakephp\src\Http\BaseApplication.php(256): Cake\Http\ActionDispatcher->dispatch(Object(Cake\Http\ServerRequest), Object(Cake\Http\Response))
#8 C:\xampp\htdocs\Cursophp\Cakephp\vendor\cakephp\cakephp\src\Http\Runner.php(65): Cake\Http\BaseApplication->__invoke(Object(Cake\Http\ServerRequest), Object(Cake\Http\Response), Object(Cake\Http\Runner))
#9 C:\xampp\htdocs\Cursophp\Cakephp\vendor\cakephp\cakephp\src\Http\Runner.php(65): Cake\Http\Runner->__invoke(Object(Cake\Http\ServerRequest), Object(Cake\Http\Response), Object(Cake\Http\Runner))
#10 C:\xampp\htdocs\Cursophp\Cakephp\vendor\cakephp\cakephp\src\Http\Middleware\CsrfProtectionMiddleware.php(137): Cake\Http\Runner->__invoke(Object(Cake\Http\ServerRequest), Object(Cake\Http\Response))
#11 C:\xampp\htdocs\Cursophp\Cakephp\vendor\cakephp\cakephp\src\Http\Runner.php(65): Cake\Http\Middleware\CsrfProtectionMiddleware->__invoke(Object(Cake\Http\ServerRequest), Object(Cake\Http\Response), Object(Cake\Http\Runner))
#12 C:\xampp\htdocs\Cursophp\Cakephp\vendor\cakephp\cakephp\src\Http\Runner.php(51): Cake\Http\Runner->__invoke(Object(Cake\Http\ServerRequest), Object(Cake\Http\Response))
#13 C:\xampp\htdocs\Cursophp\Cakephp\vendor\cakephp\cakephp\src\Routing\Middleware\RoutingMiddleware.php(170): Cake\Http\Runner->run(Object(Cake\Http\MiddlewareQueue), Object(Cake\Http\ServerRequest), Object(Cake\Http\Response))
#14 C:\xampp\htdocs\Cursophp\Cakephp\vendor\cakephp\cakephp\src\Http\Runner.php(65): Cake\Routing\Middleware\RoutingMiddleware->__invoke(Object(Cake\Http\ServerRequest), Object(Cake\Http\Response), Object(Cake\Http\Runner))
#15 C:\xampp\htdocs\Cursophp\Cakephp\vendor\cakephp\cakephp\src\Routing\Middleware\AssetMiddleware.php(88): Cake\Http\Runner->__invoke(Object(Cake\Http\ServerRequest), Object(Cake\Http\Response))
#16 C:\xampp\htdocs\Cursophp\Cakephp\vendor\cakephp\cakephp\src\Http\Runner.php(65): Cake\Routing\Middleware\AssetMiddleware->__invoke(Object(Cake\Http\ServerRequest), Object(Cake\Http\Response), Object(Cake\Http\Runner))
#17 C:\xampp\htdocs\Cursophp\Cakephp\vendor\cakephp\cakephp\src\Error\Middleware\ErrorHandlerMiddleware.php(100): Cake\Http\Runner->__invoke(Object(Cake\Http\ServerRequest), Object(Cake\Http\Response))
#18 C:\xampp\htdocs\Cursophp\Cakephp\vendor\cakephp\cakephp\src\Http\Runner.php(65): Cake\Error\Middleware\ErrorHandlerMiddleware->__invoke(Object(Cake\Http\ServerRequest), Object(Cake\Http\Response), Object(Cake\Http\Runner))
#19 C:\xampp\htdocs\Cursophp\Cakephp\vendor\cakephp\debug_kit\src\Middleware\DebugKitMiddleware.php(53): Cake\Http\Runner->__invoke(Object(Cake\Http\ServerRequest), Object(Cake\Http\Response))
#20 C:\xampp\htdocs\Cursophp\Cakephp\vendor\cakephp\cakephp\src\Http\Runner.php(65): DebugKit\Middleware\DebugKitMiddleware->__invoke(Object(Cake\Http\ServerRequest), Object(Cake\Http\Response), Object(Cake\Http\Runner))
#21 C:\xampp\htdocs\Cursophp\Cakephp\vendor\cakephp\cakephp\src\Http\Runner.php(51): Cake\Http\Runner->__invoke(Object(Cake\Http\ServerRequest), Object(Cake\Http\Response))
#22 C:\xampp\htdocs\Cursophp\Cakephp\vendor\cakephp\cakephp\src\Http\Server.php(97): Cake\Http\Runner->run(Object(Cake\Http\MiddlewareQueue), Object(Cake\Http\ServerRequest), Object(Cake\Http\Response))
#23 C:\xampp\htdocs\Cursophp\Cakephp\webroot\index.php(40): Cake\Http\Server->run()
#24 {main}
Request URL: /clientes/add
Referer URL: http://localhost/Cursophp/Cakephp/clientes/add


2022-10-22 19:30:01 Error: [Error] Class 'App\Model\Entity\DefaultPasswordHasher' not found (C:\xampp\htdocs\Cursophp\Cakephp\src\Model\Entity\Cliente.php:46)
#0 C:\xampp\htdocs\Cursophp\Cakephp\vendor\cakephp\cakephp\src\Datasource\EntityTrait.php(264): App\Model\Entity\Cliente->_setPassword('123456789')
#1 C:\xampp\htdocs\Cursophp\Cakephp\vendor\cakephp\cakephp\src\ORM\Marshaller.php(617): Cake\ORM\Entity->set(Array)
#2 C:\xampp\htdocs\Cursophp\Cakephp\vendor\cakephp\cakephp\src\ORM\Table.php(2883): Cake\ORM\Marshaller->merge(Object(App\Model\Entity\Cliente), Array, Array)
#3 C:\xampp\htdocs\Cursophp\Cakephp\src\Controller\ClientesController.php(52): Cake\ORM\Table->patchEntity(Object(App\Model\Entity\Cliente), Array)
#4 C:\xampp\htdocs\Cursophp\Cakephp\vendor\cakephp\cakephp\src\Controller\Controller.php(606): App\Controller\ClientesController->add()
#5 C:\xampp\htdocs\Cursophp\Cakephp\vendor\cakephp\cakephp\src\Http\ActionDispatcher.php(120): Cake\Controller\Controller->invokeAction()
#6 C:\xampp\htdocs\Cursophp\Cakephp\vendor\cakephp\cakephp\src\Http\ActionDispatcher.php(94): Cake\Http\ActionDispatcher->_invoke(Object(App\Controller\ClientesController))
#7 C:\xampp\htdocs\Cursophp\Cakephp\vendor\cakephp\cakephp\src\Http\BaseApplication.php(256): Cake\Http\ActionDispatcher->dispatch(Object(Cake\Http\ServerRequest), Object(Cake\Http\Response))
#8 C:\xampp\htdocs\Cursophp\Cakephp\vendor\cakephp\cakephp\src\Http\Runner.php(65): Cake\Http\BaseApplication->__invoke(Object(Cake\Http\ServerRequest), Object(Cake\Http\Response), Object(Cake\Http\Runner))
#9 C:\xampp\htdocs\Cursophp\Cakephp\vendor\cakephp\cakephp\src\Http\Runner.php(65): Cake\Http\Runner->__invoke(Object(Cake\Http\ServerRequest), Object(Cake\Http\Response), Object(Cake\Http\Runner))
#10 C:\xampp\htdocs\Cursophp\Cakephp\vendor\cakephp\cakephp\src\Http\Middleware\CsrfProtectionMiddleware.php(137): Cake\Http\Runner->__invoke(Object(Cake\Http\ServerRequest), Object(Cake\Http\Response))
#11 C:\xampp\htdocs\Cursophp\Cakephp\vendor\cakephp\cakephp\src\Http\Runner.php(65): Cake\Http\Middleware\CsrfProtectionMiddleware->__invoke(Object(Cake\Http\ServerRequest), Object(Cake\Http\Response), Object(Cake\Http\Runner))
#12 C:\xampp\htdocs\Cursophp\Cakephp\vendor\cakephp\cakephp\src\Http\Runner.php(51): Cake\Http\Runner->__invoke(Object(Cake\Http\ServerRequest), Object(Cake\Http\Response))
#13 C:\xampp\htdocs\Cursophp\Cakephp\vendor\cakephp\cakephp\src\Routing\Middleware\RoutingMiddleware.php(170): Cake\Http\Runner->run(Object(Cake\Http\MiddlewareQueue), Object(Cake\Http\ServerRequest), Object(Cake\Http\Response))
#14 C:\xampp\htdocs\Cursophp\Cakephp\vendor\cakephp\cakephp\src\Http\Runner.php(65): Cake\Routing\Middleware\RoutingMiddleware->__invoke(Object(Cake\Http\ServerRequest), Object(Cake\Http\Response), Object(Cake\Http\Runner))
#15 C:\xampp\htdocs\Cursophp\Cakephp\vendor\cakephp\cakephp\src\Routing\Middleware\AssetMiddleware.php(88): Cake\Http\Runner->__invoke(Object(Cake\Http\ServerRequest), Object(Cake\Http\Response))
#16 C:\xampp\htdocs\Cursophp\Cakephp\vendor\cakephp\cakephp\src\Http\Runner.php(65): Cake\Routing\Middleware\AssetMiddleware->__invoke(Object(Cake\Http\ServerRequest), Object(Cake\Http\Response), Object(Cake\Http\Runner))
#17 C:\xampp\htdocs\Cursophp\Cakephp\vendor\cakephp\cakephp\src\Error\Middleware\ErrorHandlerMiddleware.php(100): Cake\Http\Runner->__invoke(Object(Cake\Http\ServerRequest), Object(Cake\Http\Response))
#18 C:\xampp\htdocs\Cursophp\Cakephp\vendor\cakephp\cakephp\src\Http\Runner.php(65): Cake\Error\Middleware\ErrorHandlerMiddleware->__invoke(Object(Cake\Http\ServerRequest), Object(Cake\Http\Response), Object(Cake\Http\Runner))
#19 C:\xampp\htdocs\Cursophp\Cakephp\vendor\cakephp\debug_kit\src\Middleware\DebugKitMiddleware.php(53): Cake\Http\Runner->__invoke(Object(Cake\Http\ServerRequest), Object(Cake\Http\Response))
#20 C:\xampp\htdocs\Cursophp\Cakephp\vendor\cakephp\cakephp\src\Http\Runner.php(65): DebugKit\Middleware\DebugKitMiddleware->__invoke(Object(Cake\Http\ServerRequest), Object(Cake\Http\Response), Object(Cake\Http\Runner))
#21 C:\xampp\htdocs\Cursophp\Cakephp\vendor\cakephp\cakephp\src\Http\Runner.php(51): Cake\Http\Runner->__invoke(Object(Cake\Http\ServerRequest), Object(Cake\Http\Response))
#22 C:\xampp\htdocs\Cursophp\Cakephp\vendor\cakephp\cakephp\src\Http\Server.php(97): Cake\Http\Runner->run(Object(Cake\Http\MiddlewareQueue), Object(Cake\Http\ServerRequest), Object(Cake\Http\Response))
#23 C:\xampp\htdocs\Cursophp\Cakephp\webroot\index.php(40): Cake\Http\Server->run()
#24 {main}
Request URL: /clientes/add
Referer URL: http://localhost/Cursophp/Cakephp/clientes/add


