2022-10-22 19:13:51 Debug: duration=2 rows=1 SHOW TABLES FROM `extensão`
2022-10-22 19:15:47 Debug: duration=0 rows=1 SHOW TABLES FROM `extensão`
2022-10-22 19:16:17 Debug: duration=0 rows=1 SHOW TABLES FROM `extensão`
2022-10-22 19:16:17 Debug: duration=2 rows=6 SHOW FULL COLUMNS FROM `clientes`
2022-10-22 19:16:17 Debug: duration=2 rows=3 SHOW INDEXES FROM `clientes`
2022-10-22 19:16:17 Debug: duration=3 rows=0 SELECT * FROM information_schema.key_column_usage AS kcu
            INNER JOIN information_schema.referential_constraints AS rc
            ON (
                kcu.CONSTRAINT_NAME = rc.CONSTRAINT_NAME
                AND kcu.CONSTRAINT_SCHEMA = rc.CONSTRAINT_SCHEMA
            )
            WHERE kcu.TABLE_SCHEMA = 'extensão' AND kcu.TABLE_NAME = 'clientes' AND rc.TABLE_NAME = 'clientes'
2022-10-22 19:16:17 Debug: duration=1 rows=1 SHOW TABLE STATUS WHERE Name = 'clientes'
2022-10-22 19:16:17 Debug: duration=2 rows=6 SHOW FULL COLUMNS FROM `clientes`
2022-10-22 19:16:17 Debug: duration=1 rows=3 SHOW INDEXES FROM `clientes`
2022-10-22 19:16:17 Debug: duration=1 rows=0 SELECT * FROM information_schema.key_column_usage AS kcu
            INNER JOIN information_schema.referential_constraints AS rc
            ON (
                kcu.CONSTRAINT_NAME = rc.CONSTRAINT_NAME
                AND kcu.CONSTRAINT_SCHEMA = rc.CONSTRAINT_SCHEMA
            )
            WHERE kcu.TABLE_SCHEMA = 'extensão' AND kcu.TABLE_NAME = 'clientes' AND rc.TABLE_NAME = 'clientes'
2022-10-22 19:16:17 Debug: duration=0 rows=1 SHOW TABLE STATUS WHERE Name = 'clientes'
2022-10-22 19:16:36 Debug: duration=2 rows=6 SHOW FULL COLUMNS FROM `clientes`
2022-10-22 19:16:36 Debug: duration=1 rows=3 SHOW INDEXES FROM `clientes`
2022-10-22 19:16:36 Debug: duration=1 rows=0 SELECT * FROM information_schema.key_column_usage AS kcu
            INNER JOIN information_schema.referential_constraints AS rc
            ON (
                kcu.CONSTRAINT_NAME = rc.CONSTRAINT_NAME
                AND kcu.CONSTRAINT_SCHEMA = rc.CONSTRAINT_SCHEMA
            )
            WHERE kcu.TABLE_SCHEMA = 'extensão' AND kcu.TABLE_NAME = 'clientes' AND rc.TABLE_NAME = 'clientes'
2022-10-22 19:16:36 Debug: duration=0 rows=1 SHOW TABLE STATUS WHERE Name = 'clientes'
2022-10-22 19:16:36 Debug: duration=0 rows=0 SELECT Clientes.id AS `Clientes__id`, Clientes.username AS `Clientes__username`, Clientes.email AS `Clientes__email`, Clientes.password AS `Clientes__password`, Clientes.created AS `Clientes__created`, Clientes.modified AS `Clientes__modified` FROM clientes Clientes LIMIT 20 OFFSET 0
2022-10-22 19:16:36 Debug: duration=1 rows=1 SELECT (COUNT(*)) AS `count` FROM clientes Clientes
2022-10-22 19:18:53 Debug: duration=2 rows=6 SHOW FULL COLUMNS FROM `clientes`
2022-10-22 19:18:53 Debug: duration=1 rows=3 SHOW INDEXES FROM `clientes`
2022-10-22 19:18:53 Debug: duration=1 rows=0 SELECT * FROM information_schema.key_column_usage AS kcu
            INNER JOIN information_schema.referential_constraints AS rc
            ON (
                kcu.CONSTRAINT_NAME = rc.CONSTRAINT_NAME
                AND kcu.CONSTRAINT_SCHEMA = rc.CONSTRAINT_SCHEMA
            )
            WHERE kcu.TABLE_SCHEMA = 'extensão' AND kcu.TABLE_NAME = 'clientes' AND rc.TABLE_NAME = 'clientes'
2022-10-22 19:18:53 Debug: duration=0 rows=1 SHOW TABLE STATUS WHERE Name = 'clientes'
2022-10-22 19:18:58 Debug: duration=0 rows=0 SELECT Clientes.id AS `Clientes__id`, Clientes.username AS `Clientes__username`, Clientes.email AS `Clientes__email`, Clientes.password AS `Clientes__password`, Clientes.created AS `Clientes__created`, Clientes.modified AS `Clientes__modified` FROM clientes Clientes LIMIT 20 OFFSET 0
2022-10-22 19:18:58 Debug: duration=0 rows=1 SELECT (COUNT(*)) AS `count` FROM clientes Clientes
2022-10-22 19:19:01 Debug: duration=0 rows=0 SELECT Clientes.id AS `Clientes__id`, Clientes.username AS `Clientes__username`, Clientes.email AS `Clientes__email`, Clientes.password AS `Clientes__password`, Clientes.created AS `Clientes__created`, Clientes.modified AS `Clientes__modified` FROM clientes Clientes LIMIT 20 OFFSET 0
2022-10-22 19:19:01 Debug: duration=0 rows=1 SELECT (COUNT(*)) AS `count` FROM clientes Clientes
2022-10-22 19:19:01 Debug: duration=1 rows=0 SELECT Clientes.id AS `Clientes__id`, Clientes.username AS `Clientes__username`, Clientes.email AS `Clientes__email`, Clientes.password AS `Clientes__password`, Clientes.created AS `Clientes__created`, Clientes.modified AS `Clientes__modified` FROM clientes Clientes LIMIT 20 OFFSET 0
2022-10-22 19:19:01 Debug: duration=0 rows=1 SELECT (COUNT(*)) AS `count` FROM clientes Clientes
2022-10-22 19:19:02 Debug: duration=0 rows=0 SELECT Clientes.id AS `Clientes__id`, Clientes.username AS `Clientes__username`, Clientes.email AS `Clientes__email`, Clientes.password AS `Clientes__password`, Clientes.created AS `Clientes__created`, Clientes.modified AS `Clientes__modified` FROM clientes Clientes LIMIT 20 OFFSET 0
2022-10-22 19:19:02 Debug: duration=0 rows=1 SELECT (COUNT(*)) AS `count` FROM clientes Clientes
2022-10-22 19:19:03 Debug: duration=0 rows=0 SELECT Clientes.id AS `Clientes__id`, Clientes.username AS `Clientes__username`, Clientes.email AS `Clientes__email`, Clientes.password AS `Clientes__password`, Clientes.created AS `Clientes__created`, Clientes.modified AS `Clientes__modified` FROM clientes Clientes LIMIT 20 OFFSET 0
2022-10-22 19:19:03 Debug: duration=0 rows=1 SELECT (COUNT(*)) AS `count` FROM clientes Clientes
2022-10-22 19:19:03 Debug: duration=1 rows=0 SELECT Clientes.id AS `Clientes__id`, Clientes.username AS `Clientes__username`, Clientes.email AS `Clientes__email`, Clientes.password AS `Clientes__password`, Clientes.created AS `Clientes__created`, Clientes.modified AS `Clientes__modified` FROM clientes Clientes LIMIT 20 OFFSET 0
2022-10-22 19:19:03 Debug: duration=0 rows=1 SELECT (COUNT(*)) AS `count` FROM clientes Clientes
2022-10-22 19:19:04 Debug: duration=0 rows=0 SELECT Clientes.id AS `Clientes__id`, Clientes.username AS `Clientes__username`, Clientes.email AS `Clientes__email`, Clientes.password AS `Clientes__password`, Clientes.created AS `Clientes__created`, Clientes.modified AS `Clientes__modified` FROM clientes Clientes LIMIT 20 OFFSET 0
2022-10-22 19:19:04 Debug: duration=0 rows=1 SELECT (COUNT(*)) AS `count` FROM clientes Clientes
2022-10-22 19:19:05 Debug: duration=0 rows=0 SELECT Clientes.id AS `Clientes__id`, Clientes.username AS `Clientes__username`, Clientes.email AS `Clientes__email`, Clientes.password AS `Clientes__password`, Clientes.created AS `Clientes__created`, Clientes.modified AS `Clientes__modified` FROM clientes Clientes LIMIT 20 OFFSET 0
2022-10-22 19:19:05 Debug: duration=0 rows=1 SELECT (COUNT(*)) AS `count` FROM clientes Clientes
2022-10-22 19:19:06 Debug: duration=0 rows=0 SELECT Clientes.id AS `Clientes__id`, Clientes.username AS `Clientes__username`, Clientes.email AS `Clientes__email`, Clientes.password AS `Clientes__password`, Clientes.created AS `Clientes__created`, Clientes.modified AS `Clientes__modified` FROM clientes Clientes LIMIT 20 OFFSET 0
2022-10-22 19:19:06 Debug: duration=0 rows=1 SELECT (COUNT(*)) AS `count` FROM clientes Clientes
2022-10-22 19:20:15 Debug: duration=1 rows=0 SELECT 1 AS `existing` FROM clientes Clientes WHERE Clientes.username = 'igao' LIMIT 1
2022-10-22 19:20:15 Debug: duration=0 rows=0 SELECT 1 AS `existing` FROM clientes Clientes WHERE Clientes.email = 'igorcarrijo12@gmail.com' LIMIT 1
2022-10-22 19:20:15 Debug: duration=0 rows=0 BEGIN
2022-10-22 19:20:15 Debug: duration=0 rows=0 SELECT 1 AS `existing` FROM clientes Clientes WHERE Clientes.username = 'igao' LIMIT 1
2022-10-22 19:20:15 Debug: duration=0 rows=0 SELECT 1 AS `existing` FROM clientes Clientes WHERE Clientes.email = 'igorcarrijo12@gmail.com' LIMIT 1
2022-10-22 19:20:15 Debug: duration=7 rows=1 INSERT INTO clientes (username, email, password, created, modified) VALUES ('igao', 'igorcarrijo12@gmail.com', '123456789', '2022-10-22 19:20:15', '2022-10-22 19:20:15')
2022-10-22 19:20:15 Debug: duration=0 rows=0 COMMIT
2022-10-22 19:20:15 Debug: duration=1 rows=1 SELECT Clientes.id AS `Clientes__id`, Clientes.username AS `Clientes__username`, Clientes.email AS `Clientes__email`, Clientes.password AS `Clientes__password`, Clientes.created AS `Clientes__created`, Clientes.modified AS `Clientes__modified` FROM clientes Clientes LIMIT 20 OFFSET 0
2022-10-22 19:20:15 Debug: duration=0 rows=1 SELECT (COUNT(*)) AS `count` FROM clientes Clientes
2022-10-22 19:25:32 Debug: duration=2 rows=6 SHOW FULL COLUMNS FROM `clientes`
2022-10-22 19:25:32 Debug: duration=1 rows=3 SHOW INDEXES FROM `clientes`
2022-10-22 19:25:32 Debug: duration=1 rows=0 SELECT * FROM information_schema.key_column_usage AS kcu
            INNER JOIN information_schema.referential_constraints AS rc
            ON (
                kcu.CONSTRAINT_NAME = rc.CONSTRAINT_NAME
                AND kcu.CONSTRAINT_SCHEMA = rc.CONSTRAINT_SCHEMA
            )
            WHERE kcu.TABLE_SCHEMA = 'extensão' AND kcu.TABLE_NAME = 'clientes' AND rc.TABLE_NAME = 'clientes'
2022-10-22 19:25:32 Debug: duration=1 rows=1 SHOW TABLE STATUS WHERE Name = 'clientes'
2022-10-22 19:25:32 Debug: duration=0 rows=1 SELECT Clientes.id AS `Clientes__id`, Clientes.username AS `Clientes__username`, Clientes.email AS `Clientes__email`, Clientes.password AS `Clientes__password`, Clientes.created AS `Clientes__created`, Clientes.modified AS `Clientes__modified` FROM clientes Clientes LIMIT 20 OFFSET 0
2022-10-22 19:26:58 Debug: duration=0 rows=1 SELECT Clientes.id AS `Clientes__id`, Clientes.username AS `Clientes__username`, Clientes.email AS `Clientes__email`, Clientes.password AS `Clientes__password`, Clientes.created AS `Clientes__created`, Clientes.modified AS `Clientes__modified` FROM clientes Clientes LIMIT 20 OFFSET 0
2022-10-22 19:27:22 Debug: duration=0 rows=1 SELECT Clientes.id AS `Clientes__id`, Clientes.username AS `Clientes__username`, Clientes.email AS `Clientes__email`, Clientes.password AS `Clientes__password`, Clientes.created AS `Clientes__created`, Clientes.modified AS `Clientes__modified` FROM clientes Clientes LIMIT 20 OFFSET 0
2022-10-22 19:27:23 Debug: duration=0 rows=1 SELECT Clientes.id AS `Clientes__id`, Clientes.username AS `Clientes__username`, Clientes.email AS `Clientes__email`, Clientes.password AS `Clientes__password`, Clientes.created AS `Clientes__created`, Clientes.modified AS `Clientes__modified` FROM clientes Clientes LIMIT 20 OFFSET 0
2022-10-22 19:27:23 Debug: duration=0 rows=1 SELECT Clientes.id AS `Clientes__id`, Clientes.username AS `Clientes__username`, Clientes.email AS `Clientes__email`, Clientes.password AS `Clientes__password`, Clientes.created AS `Clientes__created`, Clientes.modified AS `Clientes__modified` FROM clientes Clientes LIMIT 20 OFFSET 0
2022-10-22 19:27:24 Debug: duration=0 rows=1 SELECT Clientes.id AS `Clientes__id`, Clientes.username AS `Clientes__username`, Clientes.email AS `Clientes__email`, Clientes.password AS `Clientes__password`, Clientes.created AS `Clientes__created`, Clientes.modified AS `Clientes__modified` FROM clientes Clientes LIMIT 20 OFFSET 0
2022-10-22 19:27:24 Debug: duration=0 rows=1 SELECT Clientes.id AS `Clientes__id`, Clientes.username AS `Clientes__username`, Clientes.email AS `Clientes__email`, Clientes.password AS `Clientes__password`, Clientes.created AS `Clientes__created`, Clientes.modified AS `Clientes__modified` FROM clientes Clientes LIMIT 20 OFFSET 0
2022-10-22 19:27:31 Debug: duration=0 rows=1 SELECT Clientes.id AS `Clientes__id`, Clientes.username AS `Clientes__username`, Clientes.email AS `Clientes__email`, Clientes.password AS `Clientes__password`, Clientes.created AS `Clientes__created`, Clientes.modified AS `Clientes__modified` FROM clientes Clientes LIMIT 20 OFFSET 0
2022-10-22 19:28:57 Debug: duration=7 rows=6 SHOW FULL COLUMNS FROM `clientes`
2022-10-22 19:28:57 Debug: duration=1 rows=3 SHOW INDEXES FROM `clientes`
2022-10-22 19:28:57 Debug: duration=1 rows=0 SELECT * FROM information_schema.key_column_usage AS kcu
            INNER JOIN information_schema.referential_constraints AS rc
            ON (
                kcu.CONSTRAINT_NAME = rc.CONSTRAINT_NAME
                AND kcu.CONSTRAINT_SCHEMA = rc.CONSTRAINT_SCHEMA
            )
            WHERE kcu.TABLE_SCHEMA = 'extensão' AND kcu.TABLE_NAME = 'clientes' AND rc.TABLE_NAME = 'clientes'
2022-10-22 19:28:57 Debug: duration=0 rows=1 SHOW TABLE STATUS WHERE Name = 'clientes'
2022-10-22 19:28:57 Debug: duration=0 rows=1 SELECT Clientes.id AS `Clientes__id`, Clientes.username AS `Clientes__username`, Clientes.email AS `Clientes__email`, Clientes.password AS `Clientes__password`, Clientes.created AS `Clientes__created`, Clientes.modified AS `Clientes__modified` FROM clientes Clientes LIMIT 20 OFFSET 0
2022-10-22 19:28:57 Debug: duration=0 rows=1 SELECT (COUNT(*)) AS `count` FROM clientes Clientes
2022-10-22 19:29:01 Debug: duration=1 rows=1 SELECT Clientes.id AS `Clientes__id`, Clientes.username AS `Clientes__username`, Clientes.email AS `Clientes__email`, Clientes.password AS `Clientes__password`, Clientes.created AS `Clientes__created`, Clientes.modified AS `Clientes__modified` FROM clientes Clientes WHERE Clientes.id = 1 LIMIT 1
2022-10-22 19:29:01 Debug: duration=0 rows=0 BEGIN
2022-10-22 19:29:01 Debug: duration=4 rows=1 DELETE FROM clientes WHERE id = 1
2022-10-22 19:29:01 Debug: duration=0 rows=0 COMMIT
2022-10-22 19:29:01 Debug: duration=1 rows=0 SELECT Clientes.id AS `Clientes__id`, Clientes.username AS `Clientes__username`, Clientes.email AS `Clientes__email`, Clientes.password AS `Clientes__password`, Clientes.created AS `Clientes__created`, Clientes.modified AS `Clientes__modified` FROM clientes Clientes LIMIT 20 OFFSET 0
2022-10-22 19:29:01 Debug: duration=0 rows=1 SELECT (COUNT(*)) AS `count` FROM clientes Clientes
2022-10-22 19:29:09 Debug: duration=1 rows=0 SELECT 1 AS `existing` FROM clientes Clientes WHERE Clientes.username = 'igao' LIMIT 1
2022-10-22 19:29:09 Debug: duration=0 rows=0 SELECT 1 AS `existing` FROM clientes Clientes WHERE Clientes.email = 'igorcarrijo12@gmail.com' LIMIT 1
2022-10-22 19:29:16 Debug: duration=0 rows=0 SELECT 1 AS `existing` FROM clientes Clientes WHERE Clientes.username = 'igao' LIMIT 1
2022-10-22 19:29:16 Debug: duration=0 rows=0 SELECT 1 AS `existing` FROM clientes Clientes WHERE Clientes.email = 'igorcarrijo12@gmail.com' LIMIT 1
2022-10-22 19:29:25 Debug: duration=0 rows=0 SELECT Clientes.id AS `Clientes__id`, Clientes.username AS `Clientes__username`, Clientes.email AS `Clientes__email`, Clientes.password AS `Clientes__password`, Clientes.created AS `Clientes__created`, Clientes.modified AS `Clientes__modified` FROM clientes Clientes LIMIT 20 OFFSET 0
2022-10-22 19:29:25 Debug: duration=0 rows=1 SELECT (COUNT(*)) AS `count` FROM clientes Clientes
2022-10-22 19:30:01 Debug: duration=0 rows=0 SELECT 1 AS `existing` FROM clientes Clientes WHERE Clientes.username = 'igao' LIMIT 1
2022-10-22 19:30:01 Debug: duration=0 rows=0 SELECT 1 AS `existing` FROM clientes Clientes WHERE Clientes.email = 'igorcarrijo12@gmail.com' LIMIT 1
2022-10-22 19:32:50 Debug: duration=9 rows=6 SHOW FULL COLUMNS FROM `clientes`
2022-10-22 19:32:50 Debug: duration=1 rows=3 SHOW INDEXES FROM `clientes`
2022-10-22 19:32:50 Debug: duration=1 rows=0 SELECT * FROM information_schema.key_column_usage AS kcu
            INNER JOIN information_schema.referential_constraints AS rc
            ON (
                kcu.CONSTRAINT_NAME = rc.CONSTRAINT_NAME
                AND kcu.CONSTRAINT_SCHEMA = rc.CONSTRAINT_SCHEMA
            )
            WHERE kcu.TABLE_SCHEMA = 'extensão' AND kcu.TABLE_NAME = 'clientes' AND rc.TABLE_NAME = 'clientes'
2022-10-22 19:32:50 Debug: duration=0 rows=1 SHOW TABLE STATUS WHERE Name = 'clientes'
2022-10-22 19:32:50 Debug: duration=0 rows=0 SELECT 1 AS `existing` FROM clientes Clientes WHERE Clientes.username = 'igao' LIMIT 1
2022-10-22 19:32:50 Debug: duration=0 rows=0 SELECT 1 AS `existing` FROM clientes Clientes WHERE Clientes.email = 'igorcarrijo12@gmail.com' LIMIT 1
2022-10-22 19:32:50 Debug: duration=0 rows=0 BEGIN
2022-10-22 19:32:50 Debug: duration=0 rows=0 SELECT 1 AS `existing` FROM clientes Clientes WHERE Clientes.username = 'igao' LIMIT 1
2022-10-22 19:32:50 Debug: duration=0 rows=0 SELECT 1 AS `existing` FROM clientes Clientes WHERE Clientes.email = 'igorcarrijo12@gmail.com' LIMIT 1
2022-10-22 19:32:50 Debug: duration=1 rows=1 INSERT INTO clientes (username, email, password, created, modified) VALUES ('igao', 'igorcarrijo12@gmail.com', '$2y$10$SlChc5nVvA6rThqdQFbwceFsUe8N2UpYWqD3LEh4TUu4RZBbQEDfK', '2022-10-22 19:32:50', '2022-10-22 19:32:50')
2022-10-22 19:32:50 Debug: duration=0 rows=0 COMMIT
2022-10-22 19:32:50 Debug: duration=0 rows=1 SELECT Clientes.id AS `Clientes__id`, Clientes.username AS `Clientes__username`, Clientes.email AS `Clientes__email`, Clientes.password AS `Clientes__password`, Clientes.created AS `Clientes__created`, Clientes.modified AS `Clientes__modified` FROM clientes Clientes LIMIT 20 OFFSET 0
2022-10-22 19:32:50 Debug: duration=0 rows=1 SELECT (COUNT(*)) AS `count` FROM clientes Clientes
2022-10-22 19:44:50 Debug: duration=7 rows=6 SHOW FULL COLUMNS FROM `clientes`
2022-10-22 19:44:50 Debug: duration=1 rows=3 SHOW INDEXES FROM `clientes`
2022-10-22 19:44:50 Debug: duration=1 rows=0 SELECT * FROM information_schema.key_column_usage AS kcu
            INNER JOIN information_schema.referential_constraints AS rc
            ON (
                kcu.CONSTRAINT_NAME = rc.CONSTRAINT_NAME
                AND kcu.CONSTRAINT_SCHEMA = rc.CONSTRAINT_SCHEMA
            )
            WHERE kcu.TABLE_SCHEMA = 'extensão' AND kcu.TABLE_NAME = 'clientes' AND rc.TABLE_NAME = 'clientes'
2022-10-22 19:44:50 Debug: duration=0 rows=1 SHOW TABLE STATUS WHERE Name = 'clientes'
2022-10-22 19:44:50 Debug: duration=0 rows=1 SELECT Clientes.id AS `Clientes__id`, Clientes.username AS `Clientes__username`, Clientes.email AS `Clientes__email`, Clientes.password AS `Clientes__password`, Clientes.created AS `Clientes__created`, Clientes.modified AS `Clientes__modified` FROM clientes Clientes LIMIT 20 OFFSET 0
2022-10-22 19:44:50 Debug: duration=0 rows=1 SELECT (COUNT(*)) AS `count` FROM clientes Clientes
